{"uid":"6674d549f2c501fb","name":"testAddBudgetInvalidAmount","fullName":"test.BudgetsTest.testAddBudgetInvalidAmount","historyId":"3b0f05165a1627778cf3a5fb4af535a0","time":{"start":1721420875995,"stop":1721420875996,"duration":1},"description":"Add budget invalid amount FI-T7","descriptionHtml":"<p>Add budget invalid amount FI-T7</p>\n","status":"skipped","statusMessage":"java.lang.NullPointerException: Cannot invoke \"com.fasterxml.jackson.databind.JsonNode.iterator()\" because \"dataNode\" is null","statusTrace":"java.lang.RuntimeException: java.lang.NullPointerException: Cannot invoke \"com.fasterxml.jackson.databind.JsonNode.iterator()\" because \"dataNode\" is null\n\tat utils.run.ClearData.getHttp(ClearData.java:45)\n\tat utils.run.ClearData.deleteBills(ClearData.java:66)\n\tat utils.run.ClearData.clearData(ClearData.java:87)\n\tat utils.run.BaseTest.clearData(BaseTest.java:55)\n\tat utils.run.BaseTest.beforeMethod(BaseTest.java:75)\n\tat java.base/jdk.internal.reflect.NativeMethodAccessorImpl.invoke0(Native Method)\n\tat java.base/jdk.internal.reflect.NativeMethodAccessorImpl.invoke(NativeMethodAccessorImpl.java:77)\n\tat java.base/jdk.internal.reflect.DelegatingMethodAccessorImpl.invoke(DelegatingMethodAccessorImpl.java:43)\n\tat java.base/java.lang.reflect.Method.invoke(Method.java:569)\n\tat org.testng.internal.invokers.MethodInvocationHelper.invokeMethod(MethodInvocationHelper.java:141)\n\tat org.testng.internal.invokers.MethodInvocationHelper.invokeMethodConsideringTimeout(MethodInvocationHelper.java:71)\n\tat org.testng.internal.invokers.ConfigInvoker.invokeConfigurationMethod(ConfigInvoker.java:400)\n\tat org.testng.internal.invokers.ConfigInvoker.invokeConfigurations(ConfigInvoker.java:333)\n\tat org.testng.internal.invokers.TestInvoker.runConfigMethods(TestInvoker.java:833)\n\tat org.testng.internal.invokers.TestInvoker.invokeMethod(TestInvoker.java:600)\n\tat org.testng.internal.invokers.TestInvoker.invokeTestMethod(TestInvoker.java:230)\n\tat org.testng.internal.invokers.MethodRunner.runInSequence(MethodRunner.java:63)\n\tat org.testng.internal.invokers.TestInvoker$MethodInvocationAgent.invoke(TestInvoker.java:992)\n\tat org.testng.internal.invokers.TestInvoker.invokeTestMethods(TestInvoker.java:203)\n\tat org.testng.internal.invokers.TestMethodWorker.invokeTestMethods(TestMethodWorker.java:154)\n\tat org.testng.internal.invokers.TestMethodWorker.run(TestMethodWorker.java:134)\n\tat java.base/java.util.ArrayList.forEach(ArrayList.java:1511)\n\tat org.testng.TestRunner.privateRun(TestRunner.java:739)\n\tat org.testng.TestRunner.run(TestRunner.java:614)\n\tat org.testng.SuiteRunner.runTest(SuiteRunner.java:421)\n\tat org.testng.SuiteRunner.runSequentially(SuiteRunner.java:413)\n\tat org.testng.SuiteRunner.privateRun(SuiteRunner.java:373)\n\tat org.testng.SuiteRunner.run(SuiteRunner.java:312)\n\tat org.testng.SuiteRunnerWorker.runSuite(SuiteRunnerWorker.java:52)\n\tat org.testng.SuiteRunnerWorker.run(SuiteRunnerWorker.java:95)\n\tat org.testng.TestNG.runSuitesSequentially(TestNG.java:1274)\n\tat org.testng.TestNG.runSuitesLocally(TestNG.java:1208)\n\tat org.testng.TestNG.runSuites(TestNG.java:1112)\n\tat org.testng.TestNG.run(TestNG.java:1079)\n\tat org.apache.maven.surefire.testng.TestNGExecutor.run(TestNGExecutor.java:155)\n\tat org.apache.maven.surefire.testng.TestNGDirectoryTestSuite.executeMulti(TestNGDirectoryTestSuite.java:169)\n\tat org.apache.maven.surefire.testng.TestNGDirectoryTestSuite.execute(TestNGDirectoryTestSuite.java:88)\n\tat org.apache.maven.surefire.testng.TestNGProvider.invoke(TestNGProvider.java:137)\n\tat org.apache.maven.surefire.booter.ForkedBooter.runSuitesInProcess(ForkedBooter.java:385)\n\tat org.apache.maven.surefire.booter.ForkedBooter.execute(ForkedBooter.java:162)\n\tat org.apache.maven.surefire.booter.ForkedBooter.run(ForkedBooter.java:507)\n\tat org.apache.maven.surefire.booter.ForkedBooter.main(ForkedBooter.java:495)\nCaused by: java.lang.NullPointerException: Cannot invoke \"com.fasterxml.jackson.databind.JsonNode.iterator()\" because \"dataNode\" is null\n\tat utils.run.ClearData.getHttp(ClearData.java:40)\n\t... 41 more\n","flaky":false,"newFailed":false,"newBroken":false,"newPassed":false,"retriesCount":0,"retriesStatusChange":false,"beforeStages":[{"name":"beforeMethod","time":{"start":1721420875993,"stop":1721420875993,"duration":0},"description":"","status":"broken","steps":[],"attachments":[],"parameters":[],"shouldDisplayMessage":false,"stepsCount":0,"attachmentsCount":0,"hasContent":false}],"afterStages":[{"name":"afterMethod","time":{"start":1721420875997,"stop":1721420875997,"duration":0},"description":"","status":"broken","steps":[],"attachments":[],"parameters":[],"shouldDisplayMessage":false,"stepsCount":0,"attachmentsCount":0,"hasContent":false}],"labels":[{"name":"package","value":"test.BudgetsTest"},{"name":"testClass","value":"test.BudgetsTest"},{"name":"testMethod","value":"testAddBudgetInvalidAmount"},{"name":"parentSuite","value":"Surefire suite"},{"name":"suite","value":"Surefire test"},{"name":"subSuite","value":"test.BudgetsTest"},{"name":"host","value":"fv-az975-63"},{"name":"thread","value":"3010@fv-az975-63.main(1)"},{"name":"framework","value":"testng"},{"name":"language","value":"java"},{"name":"story","value":"Budgets"},{"name":"severity","value":"normal"},{"name":"resultFormat","value":"allure2"}],"parameters":[],"links":[],"hidden":false,"retry":false,"extra":{"severity":"normal","retries":[],"categories":[],"history":{"statistic":{"failed":0,"broken":0,"skipped":5,"passed":5,"unknown":0,"total":10},"items":[{"uid":"4542816ffbe482ac","reportUrl":"https://Vlad1kek.github.io/Firefly_III_Test_Automation/100//#testresult/4542816ffbe482ac","status":"skipped","statusDetails":"no such element: Unable to locate element: {\"method\":\"xpath\",\"selector\":\"//button[@type='token']\"}\n  (Session info: chrome=126.0.6478.126)\nFor documentation on this error, please visit: https://www.selenium.dev/documentation/webdriver/troubleshooting/errors#no-such-element-exception\nBuild info: version: '4.22.0', revision: 'c5f3146703*'\nSystem info: os.name: 'Linux', os.arch: 'amd64', os.version: '6.5.0-1023-azure', java.version: '17.0.12'\nDriver info: org.openqa.selenium.chrome.ChromeDriver\nCommand: [aae378c80a675714c507d171dcf48031, findElement {value=//button[@type='token'], using=xpath}]\nCapabilities {acceptInsecureCerts: false, browserName: chrome, browserVersion: 126.0.6478.126, chrome: {chromedriverVersion: 126.0.6478.182 (5b5d8292ddf..., userDataDir: /tmp/.org.chromium.Chromium...}, fedcm:accounts: true, goog:chromeOptions: {debuggerAddress: localhost:41767}, networkConnectionEnabled: false, pageLoadStrategy: normal, platformName: linux, proxy: Proxy(), se:cdp: ws://localhost:41767/devtoo..., se:cdpVersion: 126.0.6478.126, setWindowRect: true, strictFileInteractability: false, timeouts: {implicit: 0, pageLoad: 300000, script: 30000}, unhandledPromptBehavior: dismiss and notify, webauthn:extension:credBlob: true, webauthn:extension:largeBlob: true, webauthn:extension:minPinLength: true, webauthn:extension:prf: true, webauthn:virtualAuthenticators: true}\nSession ID: aae378c80a675714c507d171dcf48031","time":{"start":1721420222471,"stop":1721420222471,"duration":0}},{"uid":"6481e7edf2382ce3","reportUrl":"https://Vlad1kek.github.io/Firefly_III_Test_Automation/99//#testresult/6481e7edf2382ce3","status":"skipped","statusDetails":"no such element: Unable to locate element: {\"method\":\"xpath\",\"selector\":\"//button[@type='test@gmail.com']\"}\n  (Session info: chrome=126.0.6478.126)\nFor documentation on this error, please visit: https://www.selenium.dev/documentation/webdriver/troubleshooting/errors#no-such-element-exception\nBuild info: version: '4.22.0', revision: 'c5f3146703*'\nSystem info: os.name: 'Linux', os.arch: 'amd64', os.version: '6.5.0-1023-azure', java.version: '17.0.12'\nDriver info: org.openqa.selenium.chrome.ChromeDriver\nCommand: [06198bd36ebf00142ea395724b8ae7a2, findElement {using=xpath, value=//button[@type='test@gmail.com']}]\nCapabilities {acceptInsecureCerts: false, browserName: chrome, browserVersion: 126.0.6478.126, chrome: {chromedriverVersion: 126.0.6478.182 (5b5d8292ddf..., userDataDir: /tmp/.org.chromium.Chromium...}, fedcm:accounts: true, goog:chromeOptions: {debuggerAddress: localhost:44273}, networkConnectionEnabled: false, pageLoadStrategy: normal, platformName: linux, proxy: Proxy(), se:cdp: ws://localhost:44273/devtoo..., se:cdpVersion: 126.0.6478.126, setWindowRect: true, strictFileInteractability: false, timeouts: {implicit: 0, pageLoad: 300000, script: 30000}, unhandledPromptBehavior: dismiss and notify, webauthn:extension:credBlob: true, webauthn:extension:largeBlob: true, webauthn:extension:minPinLength: true, webauthn:extension:prf: true, webauthn:virtualAuthenticators: true}\nSession ID: 06198bd36ebf00142ea395724b8ae7a2","time":{"start":1721418200820,"stop":1721418200821,"duration":1}},{"uid":"78cf21e13e1bd99a","reportUrl":"https://Vlad1kek.github.io/Firefly_III_Test_Automation/98//#testresult/78cf21e13e1bd99a","status":"skipped","statusDetails":"unknown error: net::ERR_NAME_NOT_RESOLVED\n  (Session info: chrome=126.0.6478.126)\nBuild info: version: '4.22.0', revision: 'c5f3146703*'\nSystem info: os.name: 'Linux', os.arch: 'amd64', os.version: '6.5.0-1023-azure', java.version: '17.0.12'\nDriver info: org.openqa.selenium.chrome.ChromeDriver\nCommand: [9392fd5e58d95fc84dae523c60b34cbb, get {url=http://null/}]\nCapabilities {acceptInsecureCerts: false, browserName: chrome, browserVersion: 126.0.6478.126, chrome: {chromedriverVersion: 126.0.6478.182 (5b5d8292ddf..., userDataDir: /tmp/.org.chromium.Chromium...}, fedcm:accounts: true, goog:chromeOptions: {debuggerAddress: localhost:33165}, networkConnectionEnabled: false, pageLoadStrategy: normal, platformName: linux, proxy: Proxy(), se:cdp: ws://localhost:33165/devtoo..., se:cdpVersion: 126.0.6478.126, setWindowRect: true, strictFileInteractability: false, timeouts: {implicit: 0, pageLoad: 300000, script: 30000}, unhandledPromptBehavior: dismiss and notify, webauthn:extension:credBlob: true, webauthn:extension:largeBlob: true, webauthn:extension:minPinLength: true, webauthn:extension:prf: true, webauthn:virtualAuthenticators: true}\nSession ID: 9392fd5e58d95fc84dae523c60b34cbb","time":{"start":1721417368730,"stop":1721417368731,"duration":1}},{"uid":"281313200f266f9","reportUrl":"https://Vlad1kek.github.io/Firefly_III_Test_Automation/97//#testresult/281313200f266f9","status":"skipped","statusDetails":"unknown error: net::ERR_NAME_NOT_RESOLVED\n  (Session info: chrome=126.0.6478.126)\nBuild info: version: '4.18.1', revision: 'b1d3319b48'\nSystem info: os.name: 'Linux', os.arch: 'amd64', os.version: '6.5.0-1023-azure', java.version: '17.0.12'\nDriver info: org.openqa.selenium.chrome.ChromeDriver\nCommand: [e12afbe71908aa377445fa6cdd65b200, get {url=http://null/}]\nCapabilities {acceptInsecureCerts: false, browserName: chrome, browserVersion: 126.0.6478.126, chrome: {chromedriverVersion: 126.0.6478.182 (5b5d8292ddf..., userDataDir: /tmp/.org.chromium.Chromium...}, fedcm:accounts: true, goog:chromeOptions: {debuggerAddress: localhost:38613}, networkConnectionEnabled: false, pageLoadStrategy: normal, platformName: linux, proxy: Proxy(), se:cdp: ws://localhost:38613/devtoo..., se:cdpVersion: 126.0.6478.126, setWindowRect: true, strictFileInteractability: false, timeouts: {implicit: 0, pageLoad: 300000, script: 30000}, unhandledPromptBehavior: dismiss and notify, webauthn:extension:credBlob: true, webauthn:extension:largeBlob: true, webauthn:extension:minPinLength: true, webauthn:extension:prf: true, webauthn:virtualAuthenticators: true}\nSession ID: e12afbe71908aa377445fa6cdd65b200","time":{"start":1721416805529,"stop":1721416805529,"duration":0}},{"uid":"6ea240ddee4af49d","reportUrl":"https://Vlad1kek.github.io/Firefly_III_Test_Automation/96//#testresult/6ea240ddee4af49d","status":"passed","time":{"start":1711222246931,"stop":1711222247965,"duration":1034}},{"uid":"f938c04aaf5bbc28","reportUrl":"https://Vlad1kek.github.io/Firefly_III_Test_Automation/95//#testresult/f938c04aaf5bbc28","status":"passed","time":{"start":1711221908798,"stop":1711221909778,"duration":980}},{"uid":"2aee19b4897f7949","reportUrl":"https://Vlad1kek.github.io/Firefly_III_Test_Automation/94//#testresult/2aee19b4897f7949","status":"passed","time":{"start":1710974429567,"stop":1710974430527,"duration":960}},{"uid":"fc4b8ddb6dc358f5","reportUrl":"https://Vlad1kek.github.io/Firefly_III_Test_Automation/93//#testresult/fc4b8ddb6dc358f5","status":"passed","time":{"start":1710972128148,"stop":1710972129108,"duration":960}},{"uid":"3e54aa4ae1041e72","reportUrl":"https://Vlad1kek.github.io/Firefly_III_Test_Automation/92//#testresult/3e54aa4ae1041e72","status":"passed","time":{"start":1710885082072,"stop":1710885083028,"duration":956}}]},"tags":[]},"source":"6674d549f2c501fb.json","parameterValues":[]}