{"uid":"f25423cfe7f1fa5e","name":"testSetBillToRepeatWeeklyAndCheckNextExpectedMatch","fullName":"test.BillsTest.testSetBillToRepeatWeeklyAndCheckNextExpectedMatch","historyId":"a1fafe180c56f1b19ab33f5c4497a7af","time":{"start":1721670613377,"stop":1721670613378,"duration":1},"status":"skipped","statusMessage":"java.net.UnknownHostException: app","statusTrace":"java.lang.RuntimeException: java.net.UnknownHostException: app\n\tat utils.run.ClearData.getHttp(ClearData.java:54)\n\tat utils.run.ClearData.deleteBills(ClearData.java:81)\n\tat utils.run.ClearData.clearData(ClearData.java:101)\n\tat utils.run.BaseTest.clearData(BaseTest.java:54)\n\tat utils.run.BaseTest.beforeMethod(BaseTest.java:74)\n\tat java.base/jdk.internal.reflect.NativeMethodAccessorImpl.invoke0(Native Method)\n\tat java.base/jdk.internal.reflect.NativeMethodAccessorImpl.invoke(NativeMethodAccessorImpl.java:77)\n\tat java.base/jdk.internal.reflect.DelegatingMethodAccessorImpl.invoke(DelegatingMethodAccessorImpl.java:43)\n\tat java.base/java.lang.reflect.Method.invoke(Method.java:569)\n\tat org.testng.internal.invokers.MethodInvocationHelper.invokeMethod(MethodInvocationHelper.java:141)\n\tat org.testng.internal.invokers.MethodInvocationHelper.invokeMethodConsideringTimeout(MethodInvocationHelper.java:71)\n\tat org.testng.internal.invokers.ConfigInvoker.invokeConfigurationMethod(ConfigInvoker.java:400)\n\tat org.testng.internal.invokers.ConfigInvoker.invokeConfigurations(ConfigInvoker.java:333)\n\tat org.testng.internal.invokers.TestInvoker.runConfigMethods(TestInvoker.java:833)\n\tat org.testng.internal.invokers.TestInvoker.invokeMethod(TestInvoker.java:600)\n\tat org.testng.internal.invokers.TestInvoker.invokeTestMethod(TestInvoker.java:230)\n\tat org.testng.internal.invokers.MethodRunner.runInSequence(MethodRunner.java:63)\n\tat org.testng.internal.invokers.TestInvoker$MethodInvocationAgent.invoke(TestInvoker.java:992)\n\tat org.testng.internal.invokers.TestInvoker.invokeTestMethods(TestInvoker.java:203)\n\tat org.testng.internal.invokers.TestMethodWorker.invokeTestMethods(TestMethodWorker.java:154)\n\tat org.testng.internal.invokers.TestMethodWorker.run(TestMethodWorker.java:134)\n\tat java.base/java.util.ArrayList.forEach(ArrayList.java:1511)\n\tat org.testng.TestRunner.privateRun(TestRunner.java:739)\n\tat org.testng.TestRunner.run(TestRunner.java:614)\n\tat org.testng.SuiteRunner.runTest(SuiteRunner.java:421)\n\tat org.testng.SuiteRunner.runSequentially(SuiteRunner.java:413)\n\tat org.testng.SuiteRunner.privateRun(SuiteRunner.java:373)\n\tat org.testng.SuiteRunner.run(SuiteRunner.java:312)\n\tat org.testng.SuiteRunnerWorker.runSuite(SuiteRunnerWorker.java:52)\n\tat org.testng.SuiteRunnerWorker.run(SuiteRunnerWorker.java:95)\n\tat org.testng.TestNG.runSuitesSequentially(TestNG.java:1274)\n\tat org.testng.TestNG.runSuitesLocally(TestNG.java:1208)\n\tat org.testng.TestNG.runSuites(TestNG.java:1112)\n\tat org.testng.TestNG.run(TestNG.java:1079)\n\tat org.apache.maven.surefire.testng.TestNGExecutor.run(TestNGExecutor.java:155)\n\tat org.apache.maven.surefire.testng.TestNGDirectoryTestSuite.executeMulti(TestNGDirectoryTestSuite.java:169)\n\tat org.apache.maven.surefire.testng.TestNGDirectoryTestSuite.execute(TestNGDirectoryTestSuite.java:88)\n\tat org.apache.maven.surefire.testng.TestNGProvider.invoke(TestNGProvider.java:137)\n\tat org.apache.maven.surefire.booter.ForkedBooter.runSuitesInProcess(ForkedBooter.java:385)\n\tat org.apache.maven.surefire.booter.ForkedBooter.execute(ForkedBooter.java:162)\n\tat org.apache.maven.surefire.booter.ForkedBooter.run(ForkedBooter.java:507)\n\tat org.apache.maven.surefire.booter.ForkedBooter.main(ForkedBooter.java:495)\nCaused by: java.net.UnknownHostException: app\n\tat java.base/java.net.InetAddress$CachedAddresses.get(InetAddress.java:801)\n\tat java.base/java.net.InetAddress.getAllByName0(InetAddress.java:1533)\n\tat java.base/java.net.InetAddress.getAllByName(InetAddress.java:1385)\n\tat java.base/java.net.InetAddress.getAllByName(InetAddress.java:1306)\n\tat org.apache.http.impl.conn.SystemDefaultDnsResolver.resolve(SystemDefaultDnsResolver.java:45)\n\tat org.apache.http.impl.conn.DefaultClientConnectionOperator.resolveHostname(DefaultClientConnectionOperator.java:263)\n\tat org.apache.http.impl.conn.DefaultClientConnectionOperator.openConnection(DefaultClientConnectionOperator.java:162)\n\tat org.apache.http.impl.conn.ManagedClientConnectionImpl.open(ManagedClientConnectionImpl.java:326)\n\tat org.apache.http.impl.client.DefaultRequestDirector.tryConnect(DefaultRequestDirector.java:605)\n\tat org.apache.http.impl.client.DefaultRequestDirector.execute(DefaultRequestDirector.java:440)\n\tat org.apache.http.impl.client.AbstractHttpClient.doExecute(AbstractHttpClient.java:835)\n\tat org.apache.http.impl.client.CloseableHttpClient.execute(CloseableHttpClient.java:83)\n\tat io.restassured.internal.RestAssuredHttpBuilder.doRequest(RestAssuredHttpBuilder.java:141)\n\tat io.restassured.internal.http.HTTPBuilder.doRequest(HTTPBuilder.java:496)\n\tat io.restassured.internal.http.HTTPBuilder.request(HTTPBuilder.java:453)\n\tat io.restassured.internal.http.HTTPBuilder$request$2.call(Unknown Source)\n\tat io.restassured.internal.RequestSpecificationImpl.sendHttpRequest(RequestSpecificationImpl.groovy:1480)\n\tat io.restassured.internal.RequestSpecificationImpl.this$2$sendHttpRequest(RequestSpecificationImpl.groovy)\n\tat java.base/jdk.internal.reflect.NativeMethodAccessorImpl.invoke0(Native Method)\n\tat java.base/jdk.internal.reflect.NativeMethodAccessorImpl.invoke(NativeMethodAccessorImpl.java:77)\n\tat java.base/jdk.internal.reflect.DelegatingMethodAccessorImpl.invoke(DelegatingMethodAccessorImpl.java:43)\n\tat java.base/java.lang.reflect.Method.invoke(Method.java:569)\n\tat org.codehaus.groovy.reflection.CachedMethod.invoke(CachedMethod.java:343)\n\tat groovy.lang.MetaMethod.doMethodInvoke(MetaMethod.java:328)\n\tat groovy.lang.MetaClassImpl.doInvokeMethod(MetaClassImpl.java:1334)\n\tat groovy.lang.MetaClassImpl.invokeMethod(MetaClassImpl.java:1089)\n\tat groovy.lang.MetaClassImpl.invokeMethod(MetaClassImpl.java:1008)\n\tat groovy.lang.MetaClassImpl.invokeMethod(MetaClassImpl.java:791)\n\tat io.restassured.internal.RequestSpecificationImpl.invokeMethod(RequestSpecificationImpl.groovy)\n\tat org.codehaus.groovy.runtime.callsite.PogoInterceptableSite.call(PogoInterceptableSite.java:46)\n\tat org.codehaus.groovy.runtime.callsite.PogoInterceptableSite.callCurrent(PogoInterceptableSite.java:57)\n\tat io.restassured.internal.RequestSpecificationImpl.sendRequest(RequestSpecificationImpl.groovy:1229)\n\tat io.restassured.internal.RequestSpecificationImpl.this$2$sendRequest(RequestSpecificationImpl.groovy)\n\tat java.base/jdk.internal.reflect.NativeMethodAccessorImpl.invoke0(Native Method)\n\tat java.base/jdk.internal.reflect.NativeMethodAccessorImpl.invoke(NativeMethodAccessorImpl.java:77)\n\tat java.base/jdk.internal.reflect.DelegatingMethodAccessorImpl.invoke(DelegatingMethodAccessorImpl.java:43)\n\tat java.base/java.lang.reflect.Method.invoke(Method.java:569)\n\tat org.codehaus.groovy.reflection.CachedMethod.invoke(CachedMethod.java:343)\n\tat groovy.lang.MetaMethod.doMethodInvoke(MetaMethod.java:328)\n\tat groovy.lang.MetaClassImpl.doInvokeMethod(MetaClassImpl.java:1334)\n\tat groovy.lang.MetaClassImpl.invokeMethod(MetaClassImpl.java:1089)\n\tat groovy.lang.MetaClassImpl.invokeMethod(MetaClassImpl.java:1008)\n\tat groovy.lang.MetaClassImpl.invokeMethod(MetaClassImpl.java:791)\n\tat io.restassured.internal.RequestSpecificationImpl.invokeMethod(RequestSpecificationImpl.groovy)\n\tat org.codehaus.groovy.runtime.callsite.PogoInterceptableSite.call(PogoInterceptableSite.java:46)\n\tat org.codehaus.groovy.runtime.callsite.AbstractCallSite.call(AbstractCallSite.java:166)\n\tat io.restassured.internal.filter.SendRequestFilter.filter(SendRequestFilter.groovy:30)\n\tat io.restassured.filter.Filter$filter.call(Unknown Source)\n\tat org.codehaus.groovy.runtime.callsite.CallSiteArray.defaultCall(CallSiteArray.java:45)\n\tat io.restassured.filter.Filter$filter$0.call(Unknown Source)\n\tat io.restassured.internal.filter.FilterContextImpl.next(FilterContextImpl.groovy:72)\n\tat io.restassured.filter.time.TimingFilter.filter(TimingFilter.java:56)\n\tat io.restassured.filter.Filter$filter$0.call(Unknown Source)\n\tat org.codehaus.groovy.runtime.callsite.CallSiteArray.defaultCall(CallSiteArray.java:45)\n\tat io.restassured.filter.Filter$filter.call(Unknown Source)\n\tat io.restassured.internal.filter.FilterContextImpl.next(FilterContextImpl.groovy:72)\n\tat io.restassured.filter.FilterContext$next.call(Unknown Source)\n\tat io.restassured.internal.filter.CsrfFilter.filter(CsrfFilter.groovy:70)\n\tat io.restassured.filter.Filter$filter.call(Unknown Source)\n\tat org.codehaus.groovy.runtime.callsite.CallSiteArray.defaultCall(CallSiteArray.java:45)\n\tat io.restassured.filter.Filter$filter.call(Unknown Source)\n\tat io.restassured.internal.filter.FilterContextImpl.next(FilterContextImpl.groovy:72)\n\tat io.restassured.filter.FilterContext$next.call(Unknown Source)\n\tat io.restassured.internal.RequestSpecificationImpl.applyPathParamsAndSendRequest(RequestSpecificationImpl.groovy:1704)\n\tat io.restassured.internal.RequestSpecificationImpl.this$2$applyPathParamsAndSendRequest(RequestSpecificationImpl.groovy)\n\tat java.base/jdk.internal.reflect.NativeMethodAccessorImpl.invoke0(Native Method)\n\tat java.base/jdk.internal.reflect.NativeMethodAccessorImpl.invoke(NativeMethodAccessorImpl.java:77)\n\tat java.base/jdk.internal.reflect.DelegatingMethodAccessorImpl.invoke(DelegatingMethodAccessorImpl.java:43)\n\tat java.base/java.lang.reflect.Method.invoke(Method.java:569)\n\tat org.codehaus.groovy.reflection.CachedMethod.invoke(CachedMethod.java:343)\n\tat groovy.lang.MetaMethod.doMethodInvoke(MetaMethod.java:328)\n\tat groovy.lang.MetaClassImpl.doInvokeMethod(MetaClassImpl.java:1334)\n\tat groovy.lang.MetaClassImpl.invokeMethod(MetaClassImpl.java:1089)\n\tat groovy.lang.MetaClassImpl.invokeMethod(MetaClassImpl.java:1008)\n\tat groovy.lang.MetaClassImpl.invokeMethod(MetaClassImpl.java:791)\n\tat io.restassured.internal.RequestSpecificationImpl.invokeMethod(RequestSpecificationImpl.groovy)\n\tat org.codehaus.groovy.runtime.callsite.PogoInterceptableSite.call(PogoInterceptableSite.java:46)\n\tat org.codehaus.groovy.runtime.callsite.PogoInterceptableSite.callCurrent(PogoInterceptableSite.java:57)\n\tat org.codehaus.groovy.runtime.callsite.AbstractCallSite.callCurrent(AbstractCallSite.java:203)\n\tat io.restassured.internal.RequestSpecificationImpl.applyPathParamsAndSendRequest(RequestSpecificationImpl.groovy:1710)\n\tat io.restassured.internal.RequestSpecificationImpl.this$2$applyPathParamsAndSendRequest(RequestSpecificationImpl.groovy)\n\tat java.base/jdk.internal.reflect.NativeMethodAccessorImpl.invoke0(Native Method)\n\tat java.base/jdk.internal.reflect.NativeMethodAccessorImpl.invoke(NativeMethodAccessorImpl.java:77)\n\tat java.base/jdk.internal.reflect.DelegatingMethodAccessorImpl.invoke(DelegatingMethodAccessorImpl.java:43)\n\tat java.base/java.lang.reflect.Method.invoke(Method.java:569)\n\tat org.codehaus.groovy.reflection.CachedMethod.invoke(CachedMethod.java:343)\n\tat groovy.lang.MetaMethod.doMethodInvoke(MetaMethod.java:328)\n\tat groovy.lang.MetaClassImpl.doInvokeMethod(MetaClassImpl.java:1334)\n\tat groovy.lang.MetaClassImpl.invokeMethod(MetaClassImpl.java:1089)\n\tat groovy.lang.MetaClassImpl.invokeMethod(MetaClassImpl.java:1008)\n\tat groovy.lang.MetaClassImpl.invokeMethod(MetaClassImpl.java:791)\n\tat io.restassured.internal.RequestSpecificationImpl.invokeMethod(RequestSpecificationImpl.groovy)\n\tat org.codehaus.groovy.runtime.callsite.PogoInterceptableSite.call(PogoInterceptableSite.java:46)\n\tat org.codehaus.groovy.runtime.callsite.PogoInterceptableSite.callCurrent(PogoInterceptableSite.java:57)\n\tat org.codehaus.groovy.runtime.callsite.AbstractCallSite.callCurrent(AbstractCallSite.java:203)\n\tat io.restassured.internal.RequestSpecificationImpl.get(RequestSpecificationImpl.groovy:172)\n\tat io.restassured.internal.RequestSpecificationImpl.get(RequestSpecificationImpl.groovy)\n\tat utils.run.ClearData.getHttp(ClearData.java:35)\n\t... 41 more\n","flaky":false,"newFailed":false,"newBroken":false,"newPassed":false,"retriesCount":0,"retriesStatusChange":false,"beforeStages":[{"name":"beforeMethod","time":{"start":1721670613376,"stop":1721670613376,"duration":0},"description":"","status":"broken","steps":[],"attachments":[],"parameters":[],"shouldDisplayMessage":false,"stepsCount":0,"attachmentsCount":0,"hasContent":false}],"afterStages":[{"name":"afterMethod","time":{"start":1721670613382,"stop":1721670613382,"duration":0},"description":"","status":"broken","steps":[],"attachments":[],"parameters":[],"shouldDisplayMessage":false,"stepsCount":0,"attachmentsCount":0,"hasContent":false}],"labels":[{"name":"package","value":"test.BillsTest"},{"name":"testClass","value":"test.BillsTest"},{"name":"testMethod","value":"testSetBillToRepeatWeeklyAndCheckNextExpectedMatch"},{"name":"parentSuite","value":"Surefire suite"},{"name":"suite","value":"Surefire test"},{"name":"subSuite","value":"test.BillsTest"},{"name":"host","value":"fv-az1536-455"},{"name":"thread","value":"3007@fv-az1536-455.main(1)"},{"name":"framework","value":"testng"},{"name":"language","value":"java"},{"name":"resultFormat","value":"allure2"}],"parameters":[],"links":[],"hidden":false,"retry":false,"extra":{"severity":"normal","retries":[],"categories":[],"history":{"statistic":{"failed":0,"broken":0,"skipped":17,"passed":6,"unknown":0,"total":23},"items":[{"uid":"b8f20a88070ceb6d","reportUrl":"https://Vlad1kek.github.io/Firefly_III_Test_Automation/112//#testresult/b8f20a88070ceb6d","status":"skipped","statusDetails":"java.lang.RuntimeException: Something went wrong while clearing data io.restassured.internal.ValidatableResponseImpl@69fc5803","time":{"start":1721669970238,"stop":1721669970238,"duration":0}},{"uid":"b0fb111f20cce442","reportUrl":"https://Vlad1kek.github.io/Firefly_III_Test_Automation/111//#testresult/b0fb111f20cce442","status":"skipped","statusDetails":"java.lang.RuntimeException: Something went wrong while clearing dataio.restassured.internal.ValidatableResponseImpl@3c0b9643","time":{"start":1721669033093,"stop":1721669033093,"duration":0}},{"uid":"746509d32c41d0d5","reportUrl":"https://Vlad1kek.github.io/Firefly_III_Test_Automation/110//#testresult/746509d32c41d0d5","status":"skipped","statusDetails":"java.lang.RuntimeException: Something went wrong while clearing dataio.restassured.internal.ValidatableResponseImpl@28b36817","time":{"start":1721668614913,"stop":1721668614913,"duration":0}},{"uid":"c8411ef6b3e305e1","reportUrl":"https://Vlad1kek.github.io/Firefly_III_Test_Automation/109//#testresult/c8411ef6b3e305e1","status":"skipped","statusDetails":"java.lang.RuntimeException: Something went wrong while clearing dataio.restassured.internal.ValidatableResponseImpl@5a349644","time":{"start":1721667385192,"stop":1721667385192,"duration":0}},{"uid":"b56558739b6ba20","reportUrl":"https://Vlad1kek.github.io/Firefly_III_Test_Automation/109//#testresult/b56558739b6ba20","status":"skipped","statusDetails":"java.lang.RuntimeException: Something went wrong while clearing dataio.restassured.internal.ValidatableResponseImpl@46ebd87a","time":{"start":1721666693796,"stop":1721666693796,"duration":0}},{"uid":"e13923b583b4c4c6","reportUrl":"https://Vlad1kek.github.io/Firefly_III_Test_Automation/108//#testresult/e13923b583b4c4c6","status":"skipped","statusDetails":"java.lang.RuntimeException: Authorization does not work with token:","time":{"start":1721601637040,"stop":1721601637040,"duration":0}},{"uid":"769d3a1837bed669","reportUrl":"https://Vlad1kek.github.io/Firefly_III_Test_Automation/107//#testresult/769d3a1837bed669","status":"skipped","statusDetails":"java.lang.RuntimeException: Authorization does not work with token:","time":{"start":1721600923640,"stop":1721600923640,"duration":0}},{"uid":"343755939a2ad6ef","reportUrl":"https://Vlad1kek.github.io/Firefly_III_Test_Automation/106//#testresult/343755939a2ad6ef","status":"skipped","statusDetails":"java.lang.RuntimeException: Authorization does not work with token:","time":{"start":1721599102887,"stop":1721599102888,"duration":1}},{"uid":"2004b3b79790142b","reportUrl":"https://Vlad1kek.github.io/Firefly_III_Test_Automation/105//#testresult/2004b3b79790142b","status":"skipped","statusDetails":"java.lang.RuntimeException: Authorization does not work with token:","time":{"start":1721598071591,"stop":1721598071592,"duration":1}},{"uid":"eb7320691355a2b7","reportUrl":"https://Vlad1kek.github.io/Firefly_III_Test_Automation/104//#testresult/eb7320691355a2b7","status":"skipped","statusDetails":"java.lang.RuntimeException: Authorization does not work with token:","time":{"start":1721596041469,"stop":1721596041469,"duration":0}},{"uid":"71c10ac5768992c","reportUrl":"https://Vlad1kek.github.io/Firefly_III_Test_Automation/103//#testresult/71c10ac5768992c","status":"skipped","statusDetails":"java.lang.RuntimeException: Authorization does not work with token:null","time":{"start":1721594892575,"stop":1721594892576,"duration":1}},{"uid":"12ef75142d6a8c89","reportUrl":"https://Vlad1kek.github.io/Firefly_III_Test_Automation/102//#testresult/12ef75142d6a8c89","status":"passed","time":{"start":1721421939993,"stop":1721421943773,"duration":3780}},{"uid":"daf3dc422153d315","reportUrl":"https://Vlad1kek.github.io/Firefly_III_Test_Automation/101//#testresult/daf3dc422153d315","status":"skipped","statusDetails":"java.lang.NullPointerException: Cannot invoke \"com.fasterxml.jackson.databind.JsonNode.iterator()\" because \"dataNode\" is null","time":{"start":1721420876081,"stop":1721420876081,"duration":0}},{"uid":"cf460fa54d21ab60","reportUrl":"https://Vlad1kek.github.io/Firefly_III_Test_Automation/100//#testresult/cf460fa54d21ab60","status":"skipped","statusDetails":"no such element: Unable to locate element: {\"method\":\"xpath\",\"selector\":\"//button[@type='token']\"}\n  (Session info: chrome=126.0.6478.126)\nFor documentation on this error, please visit: https://www.selenium.dev/documentation/webdriver/troubleshooting/errors#no-such-element-exception\nBuild info: version: '4.22.0', revision: 'c5f3146703*'\nSystem info: os.name: 'Linux', os.arch: 'amd64', os.version: '6.5.0-1023-azure', java.version: '17.0.12'\nDriver info: org.openqa.selenium.chrome.ChromeDriver\nCommand: [aae378c80a675714c507d171dcf48031, findElement {value=//button[@type='token'], using=xpath}]\nCapabilities {acceptInsecureCerts: false, browserName: chrome, browserVersion: 126.0.6478.126, chrome: {chromedriverVersion: 126.0.6478.182 (5b5d8292ddf..., userDataDir: /tmp/.org.chromium.Chromium...}, fedcm:accounts: true, goog:chromeOptions: {debuggerAddress: localhost:41767}, networkConnectionEnabled: false, pageLoadStrategy: normal, platformName: linux, proxy: Proxy(), se:cdp: ws://localhost:41767/devtoo..., se:cdpVersion: 126.0.6478.126, setWindowRect: true, strictFileInteractability: false, timeouts: {implicit: 0, pageLoad: 300000, script: 30000}, unhandledPromptBehavior: dismiss and notify, webauthn:extension:credBlob: true, webauthn:extension:largeBlob: true, webauthn:extension:minPinLength: true, webauthn:extension:prf: true, webauthn:virtualAuthenticators: true}\nSession ID: aae378c80a675714c507d171dcf48031","time":{"start":1721420222550,"stop":1721420222550,"duration":0}},{"uid":"67158b6519e60f3e","reportUrl":"https://Vlad1kek.github.io/Firefly_III_Test_Automation/99//#testresult/67158b6519e60f3e","status":"skipped","statusDetails":"no such element: Unable to locate element: {\"method\":\"xpath\",\"selector\":\"//button[@type='test@gmail.com']\"}\n  (Session info: chrome=126.0.6478.126)\nFor documentation on this error, please visit: https://www.selenium.dev/documentation/webdriver/troubleshooting/errors#no-such-element-exception\nBuild info: version: '4.22.0', revision: 'c5f3146703*'\nSystem info: os.name: 'Linux', os.arch: 'amd64', os.version: '6.5.0-1023-azure', java.version: '17.0.12'\nDriver info: org.openqa.selenium.chrome.ChromeDriver\nCommand: [06198bd36ebf00142ea395724b8ae7a2, findElement {using=xpath, value=//button[@type='test@gmail.com']}]\nCapabilities {acceptInsecureCerts: false, browserName: chrome, browserVersion: 126.0.6478.126, chrome: {chromedriverVersion: 126.0.6478.182 (5b5d8292ddf..., userDataDir: /tmp/.org.chromium.Chromium...}, fedcm:accounts: true, goog:chromeOptions: {debuggerAddress: localhost:44273}, networkConnectionEnabled: false, pageLoadStrategy: normal, platformName: linux, proxy: Proxy(), se:cdp: ws://localhost:44273/devtoo..., se:cdpVersion: 126.0.6478.126, setWindowRect: true, strictFileInteractability: false, timeouts: {implicit: 0, pageLoad: 300000, script: 30000}, unhandledPromptBehavior: dismiss and notify, webauthn:extension:credBlob: true, webauthn:extension:largeBlob: true, webauthn:extension:minPinLength: true, webauthn:extension:prf: true, webauthn:virtualAuthenticators: true}\nSession ID: 06198bd36ebf00142ea395724b8ae7a2","time":{"start":1721418200908,"stop":1721418200908,"duration":0}},{"uid":"aad069ea5be0e206","reportUrl":"https://Vlad1kek.github.io/Firefly_III_Test_Automation/98//#testresult/aad069ea5be0e206","status":"skipped","statusDetails":"unknown error: net::ERR_NAME_NOT_RESOLVED\n  (Session info: chrome=126.0.6478.126)\nBuild info: version: '4.22.0', revision: 'c5f3146703*'\nSystem info: os.name: 'Linux', os.arch: 'amd64', os.version: '6.5.0-1023-azure', java.version: '17.0.12'\nDriver info: org.openqa.selenium.chrome.ChromeDriver\nCommand: [9392fd5e58d95fc84dae523c60b34cbb, get {url=http://null/}]\nCapabilities {acceptInsecureCerts: false, browserName: chrome, browserVersion: 126.0.6478.126, chrome: {chromedriverVersion: 126.0.6478.182 (5b5d8292ddf..., userDataDir: /tmp/.org.chromium.Chromium...}, fedcm:accounts: true, goog:chromeOptions: {debuggerAddress: localhost:33165}, networkConnectionEnabled: false, pageLoadStrategy: normal, platformName: linux, proxy: Proxy(), se:cdp: ws://localhost:33165/devtoo..., se:cdpVersion: 126.0.6478.126, setWindowRect: true, strictFileInteractability: false, timeouts: {implicit: 0, pageLoad: 300000, script: 30000}, unhandledPromptBehavior: dismiss and notify, webauthn:extension:credBlob: true, webauthn:extension:largeBlob: true, webauthn:extension:minPinLength: true, webauthn:extension:prf: true, webauthn:virtualAuthenticators: true}\nSession ID: 9392fd5e58d95fc84dae523c60b34cbb","time":{"start":1721417368813,"stop":1721417368814,"duration":1}},{"uid":"f8010c0c374f82cb","reportUrl":"https://Vlad1kek.github.io/Firefly_III_Test_Automation/97//#testresult/f8010c0c374f82cb","status":"skipped","statusDetails":"unknown error: net::ERR_NAME_NOT_RESOLVED\n  (Session info: chrome=126.0.6478.126)\nBuild info: version: '4.18.1', revision: 'b1d3319b48'\nSystem info: os.name: 'Linux', os.arch: 'amd64', os.version: '6.5.0-1023-azure', java.version: '17.0.12'\nDriver info: org.openqa.selenium.chrome.ChromeDriver\nCommand: [e12afbe71908aa377445fa6cdd65b200, get {url=http://null/}]\nCapabilities {acceptInsecureCerts: false, browserName: chrome, browserVersion: 126.0.6478.126, chrome: {chromedriverVersion: 126.0.6478.182 (5b5d8292ddf..., userDataDir: /tmp/.org.chromium.Chromium...}, fedcm:accounts: true, goog:chromeOptions: {debuggerAddress: localhost:38613}, networkConnectionEnabled: false, pageLoadStrategy: normal, platformName: linux, proxy: Proxy(), se:cdp: ws://localhost:38613/devtoo..., se:cdpVersion: 126.0.6478.126, setWindowRect: true, strictFileInteractability: false, timeouts: {implicit: 0, pageLoad: 300000, script: 30000}, unhandledPromptBehavior: dismiss and notify, webauthn:extension:credBlob: true, webauthn:extension:largeBlob: true, webauthn:extension:minPinLength: true, webauthn:extension:prf: true, webauthn:virtualAuthenticators: true}\nSession ID: e12afbe71908aa377445fa6cdd65b200","time":{"start":1721416805602,"stop":1721416805602,"duration":0}},{"uid":"5e387ce7f65b38f4","reportUrl":"https://Vlad1kek.github.io/Firefly_III_Test_Automation/96//#testresult/5e387ce7f65b38f4","status":"passed","time":{"start":1711222227457,"stop":1711222230290,"duration":2833}},{"uid":"de4bb5563fc24de3","reportUrl":"https://Vlad1kek.github.io/Firefly_III_Test_Automation/95//#testresult/de4bb5563fc24de3","status":"passed","time":{"start":1711221889861,"stop":1711221892694,"duration":2833}},{"uid":"3df33f01c7fb4b83","reportUrl":"https://Vlad1kek.github.io/Firefly_III_Test_Automation/94//#testresult/3df33f01c7fb4b83","status":"passed","time":{"start":1710974410997,"stop":1710974413792,"duration":2795}}]},"tags":[]},"source":"f25423cfe7f1fa5e.json","parameterValues":[]}