{"uid":"b4b7a7a21a8da2f2","name":"testCreateBudgetsWithFixedAmount","fullName":"test.BudgetsTest.testCreateBudgetsWithFixedAmount","historyId":"2bb17120f41e13cec136acbbdf0d0b4a","time":{"start":1721689680720,"stop":1721689680720,"duration":0},"description":"Change budgets to a fixed amount FI-T9","descriptionHtml":"<p>Change budgets to a fixed amount FI-T9</p>\n","status":"skipped","statusMessage":"java.lang.RuntimeException: Something went wrong while clearing data 404","statusTrace":"java.lang.RuntimeException: java.lang.RuntimeException: Something went wrong while clearing data 404\n\tat utils.run.ClearData.deleteHttp(ClearData.java:81)\n\tat utils.run.ClearData.deleteAccounts(ClearData.java:109)\n\tat utils.run.ClearData.clearData(ClearData.java:128)\n\tat utils.run.BaseTest.clearData(BaseTest.java:54)\n\tat utils.run.BaseTest.beforeMethod(BaseTest.java:74)\n\tat java.base/jdk.internal.reflect.NativeMethodAccessorImpl.invoke0(Native Method)\n\tat java.base/jdk.internal.reflect.NativeMethodAccessorImpl.invoke(NativeMethodAccessorImpl.java:77)\n\tat java.base/jdk.internal.reflect.DelegatingMethodAccessorImpl.invoke(DelegatingMethodAccessorImpl.java:43)\n\tat java.base/java.lang.reflect.Method.invoke(Method.java:569)\n\tat org.testng.internal.invokers.MethodInvocationHelper.invokeMethod(MethodInvocationHelper.java:141)\n\tat org.testng.internal.invokers.MethodInvocationHelper.invokeMethodConsideringTimeout(MethodInvocationHelper.java:71)\n\tat org.testng.internal.invokers.ConfigInvoker.invokeConfigurationMethod(ConfigInvoker.java:400)\n\tat org.testng.internal.invokers.ConfigInvoker.invokeConfigurations(ConfigInvoker.java:333)\n\tat org.testng.internal.invokers.TestInvoker.runConfigMethods(TestInvoker.java:833)\n\tat org.testng.internal.invokers.TestInvoker.invokeMethod(TestInvoker.java:600)\n\tat org.testng.internal.invokers.TestInvoker.invokeTestMethod(TestInvoker.java:230)\n\tat org.testng.internal.invokers.MethodRunner.runInSequence(MethodRunner.java:63)\n\tat org.testng.internal.invokers.TestInvoker$MethodInvocationAgent.invoke(TestInvoker.java:992)\n\tat org.testng.internal.invokers.TestInvoker.invokeTestMethods(TestInvoker.java:203)\n\tat org.testng.internal.invokers.TestMethodWorker.invokeTestMethods(TestMethodWorker.java:154)\n\tat org.testng.internal.invokers.TestMethodWorker.run(TestMethodWorker.java:134)\n\tat java.base/java.util.ArrayList.forEach(ArrayList.java:1511)\n\tat org.testng.TestRunner.privateRun(TestRunner.java:739)\n\tat org.testng.TestRunner.run(TestRunner.java:614)\n\tat org.testng.SuiteRunner.runTest(SuiteRunner.java:421)\n\tat org.testng.SuiteRunner.runSequentially(SuiteRunner.java:413)\n\tat org.testng.SuiteRunner.privateRun(SuiteRunner.java:373)\n\tat org.testng.SuiteRunner.run(SuiteRunner.java:312)\n\tat org.testng.SuiteRunnerWorker.runSuite(SuiteRunnerWorker.java:52)\n\tat org.testng.SuiteRunnerWorker.run(SuiteRunnerWorker.java:95)\n\tat org.testng.TestNG.runSuitesSequentially(TestNG.java:1274)\n\tat org.testng.TestNG.runSuitesLocally(TestNG.java:1208)\n\tat org.testng.TestNG.runSuites(TestNG.java:1112)\n\tat org.testng.TestNG.run(TestNG.java:1079)\n\tat org.apache.maven.surefire.testng.TestNGExecutor.run(TestNGExecutor.java:155)\n\tat org.apache.maven.surefire.testng.TestNGDirectoryTestSuite.executeMulti(TestNGDirectoryTestSuite.java:169)\n\tat org.apache.maven.surefire.testng.TestNGDirectoryTestSuite.execute(TestNGDirectoryTestSuite.java:88)\n\tat org.apache.maven.surefire.testng.TestNGProvider.invoke(TestNGProvider.java:137)\n\tat org.apache.maven.surefire.booter.ForkedBooter.runSuitesInProcess(ForkedBooter.java:385)\n\tat org.apache.maven.surefire.booter.ForkedBooter.execute(ForkedBooter.java:162)\n\tat org.apache.maven.surefire.booter.ForkedBooter.run(ForkedBooter.java:507)\n\tat org.apache.maven.surefire.booter.ForkedBooter.main(ForkedBooter.java:495)\nCaused by: java.lang.RuntimeException: Something went wrong while clearing data 404\n\tat utils.run.ClearData.deleteHttp(ClearData.java:77)\n\t... 41 more\n","flaky":false,"newFailed":false,"newBroken":false,"newPassed":false,"retriesCount":0,"retriesStatusChange":false,"beforeStages":[{"name":"beforeMethod","time":{"start":1721689680717,"stop":1721689680717,"duration":0},"description":"","status":"broken","steps":[],"attachments":[],"parameters":[],"shouldDisplayMessage":false,"stepsCount":0,"attachmentsCount":0,"hasContent":false}],"afterStages":[{"name":"afterMethod","time":{"start":1721689680721,"stop":1721689680721,"duration":0},"description":"","status":"broken","steps":[],"attachments":[],"parameters":[],"shouldDisplayMessage":false,"stepsCount":0,"attachmentsCount":0,"hasContent":false}],"labels":[{"name":"package","value":"test.BudgetsTest"},{"name":"testClass","value":"test.BudgetsTest"},{"name":"testMethod","value":"testCreateBudgetsWithFixedAmount"},{"name":"parentSuite","value":"Surefire suite"},{"name":"suite","value":"Surefire test"},{"name":"subSuite","value":"test.BudgetsTest"},{"name":"host","value":"fv-az1144-364"},{"name":"thread","value":"2941@fv-az1144-364.main(1)"},{"name":"framework","value":"testng"},{"name":"language","value":"java"},{"name":"story","value":"Budgets"},{"name":"severity","value":"normal"},{"name":"resultFormat","value":"allure2"}],"parameters":[],"links":[],"hidden":false,"retry":false,"extra":{"severity":"normal","retries":[],"categories":[],"history":{"statistic":{"failed":0,"broken":0,"skipped":18,"passed":6,"unknown":0,"total":24},"items":[{"uid":"d968de7819caf079","reportUrl":"https://Vlad1kek.github.io/Firefly_III_Test_Automation/113//#testresult/d968de7819caf079","status":"skipped","statusDetails":"java.net.UnknownHostException: app: Temporary failure in name resolution","time":{"start":1721670613319,"stop":1721670613319,"duration":0}},{"uid":"dfc5983484ef6bdc","reportUrl":"https://Vlad1kek.github.io/Firefly_III_Test_Automation/112//#testresult/dfc5983484ef6bdc","status":"skipped","statusDetails":"java.lang.RuntimeException: Something went wrong while clearing data io.restassured.internal.ValidatableResponseImpl@2da273b3","time":{"start":1721669970128,"stop":1721669970128,"duration":0}},{"uid":"d736f26d3a7cf86a","reportUrl":"https://Vlad1kek.github.io/Firefly_III_Test_Automation/111//#testresult/d736f26d3a7cf86a","status":"skipped","statusDetails":"java.lang.RuntimeException: Something went wrong while clearing dataio.restassured.internal.ValidatableResponseImpl@1c8d9ac9","time":{"start":1721669032979,"stop":1721669032979,"duration":0}},{"uid":"e13c1896f6b5909a","reportUrl":"https://Vlad1kek.github.io/Firefly_III_Test_Automation/110//#testresult/e13c1896f6b5909a","status":"skipped","statusDetails":"java.lang.RuntimeException: Something went wrong while clearing dataio.restassured.internal.ValidatableResponseImpl@5cb42eb2","time":{"start":1721668614813,"stop":1721668614814,"duration":1}},{"uid":"c36a28f44527e1b0","reportUrl":"https://Vlad1kek.github.io/Firefly_III_Test_Automation/109//#testresult/c36a28f44527e1b0","status":"skipped","statusDetails":"java.lang.RuntimeException: Something went wrong while clearing dataio.restassured.internal.ValidatableResponseImpl@387bbd7a","time":{"start":1721667385086,"stop":1721667385086,"duration":0}},{"uid":"5f14b8bc4b33cc77","reportUrl":"https://Vlad1kek.github.io/Firefly_III_Test_Automation/109//#testresult/5f14b8bc4b33cc77","status":"skipped","statusDetails":"java.lang.RuntimeException: Something went wrong while clearing dataio.restassured.internal.ValidatableResponseImpl@3003d288","time":{"start":1721666693702,"stop":1721666693703,"duration":1}},{"uid":"68f3e612347bfa7","reportUrl":"https://Vlad1kek.github.io/Firefly_III_Test_Automation/108//#testresult/68f3e612347bfa7","status":"skipped","statusDetails":"java.lang.RuntimeException: Authorization does not work with token:","time":{"start":1721601636952,"stop":1721601636953,"duration":1}},{"uid":"a27cb0a2dcc21318","reportUrl":"https://Vlad1kek.github.io/Firefly_III_Test_Automation/107//#testresult/a27cb0a2dcc21318","status":"skipped","statusDetails":"java.lang.RuntimeException: Authorization does not work with token:","time":{"start":1721600923555,"stop":1721600923555,"duration":0}},{"uid":"38dda56fac76705b","reportUrl":"https://Vlad1kek.github.io/Firefly_III_Test_Automation/106//#testresult/38dda56fac76705b","status":"skipped","statusDetails":"java.lang.RuntimeException: Authorization does not work with token:","time":{"start":1721599102786,"stop":1721599102786,"duration":0}},{"uid":"bdbc3ec9de24a223","reportUrl":"https://Vlad1kek.github.io/Firefly_III_Test_Automation/105//#testresult/bdbc3ec9de24a223","status":"skipped","statusDetails":"java.lang.RuntimeException: Authorization does not work with token:","time":{"start":1721598071491,"stop":1721598071491,"duration":0}},{"uid":"ea4b6d82b5d74ca9","reportUrl":"https://Vlad1kek.github.io/Firefly_III_Test_Automation/104//#testresult/ea4b6d82b5d74ca9","status":"skipped","statusDetails":"java.lang.RuntimeException: Authorization does not work with token:","time":{"start":1721596041383,"stop":1721596041384,"duration":1}},{"uid":"3a9917d0b394b8d7","reportUrl":"https://Vlad1kek.github.io/Firefly_III_Test_Automation/103//#testresult/3a9917d0b394b8d7","status":"skipped","statusDetails":"java.lang.RuntimeException: Authorization does not work with token:null","time":{"start":1721594892491,"stop":1721594892491,"duration":0}},{"uid":"2d2ba16319c7ac09","reportUrl":"https://Vlad1kek.github.io/Firefly_III_Test_Automation/102//#testresult/2d2ba16319c7ac09","status":"passed","time":{"start":1721421903088,"stop":1721421907101,"duration":4013}},{"uid":"73a1aea0444e5bd","reportUrl":"https://Vlad1kek.github.io/Firefly_III_Test_Automation/101//#testresult/73a1aea0444e5bd","status":"skipped","statusDetails":"java.lang.NullPointerException: Cannot invoke \"com.fasterxml.jackson.databind.JsonNode.iterator()\" because \"dataNode\" is null","time":{"start":1721420876018,"stop":1721420876019,"duration":1}},{"uid":"2a5747c54112912a","reportUrl":"https://Vlad1kek.github.io/Firefly_III_Test_Automation/100//#testresult/2a5747c54112912a","status":"skipped","statusDetails":"no such element: Unable to locate element: {\"method\":\"xpath\",\"selector\":\"//button[@type='token']\"}\n  (Session info: chrome=126.0.6478.126)\nFor documentation on this error, please visit: https://www.selenium.dev/documentation/webdriver/troubleshooting/errors#no-such-element-exception\nBuild info: version: '4.22.0', revision: 'c5f3146703*'\nSystem info: os.name: 'Linux', os.arch: 'amd64', os.version: '6.5.0-1023-azure', java.version: '17.0.12'\nDriver info: org.openqa.selenium.chrome.ChromeDriver\nCommand: [aae378c80a675714c507d171dcf48031, findElement {value=//button[@type='token'], using=xpath}]\nCapabilities {acceptInsecureCerts: false, browserName: chrome, browserVersion: 126.0.6478.126, chrome: {chromedriverVersion: 126.0.6478.182 (5b5d8292ddf..., userDataDir: /tmp/.org.chromium.Chromium...}, fedcm:accounts: true, goog:chromeOptions: {debuggerAddress: localhost:41767}, networkConnectionEnabled: false, pageLoadStrategy: normal, platformName: linux, proxy: Proxy(), se:cdp: ws://localhost:41767/devtoo..., se:cdpVersion: 126.0.6478.126, setWindowRect: true, strictFileInteractability: false, timeouts: {implicit: 0, pageLoad: 300000, script: 30000}, unhandledPromptBehavior: dismiss and notify, webauthn:extension:credBlob: true, webauthn:extension:largeBlob: true, webauthn:extension:minPinLength: true, webauthn:extension:prf: true, webauthn:virtualAuthenticators: true}\nSession ID: aae378c80a675714c507d171dcf48031","time":{"start":1721420222503,"stop":1721420222504,"duration":1}},{"uid":"37987247df6a22fe","reportUrl":"https://Vlad1kek.github.io/Firefly_III_Test_Automation/99//#testresult/37987247df6a22fe","status":"skipped","statusDetails":"no such element: Unable to locate element: {\"method\":\"xpath\",\"selector\":\"//button[@type='test@gmail.com']\"}\n  (Session info: chrome=126.0.6478.126)\nFor documentation on this error, please visit: https://www.selenium.dev/documentation/webdriver/troubleshooting/errors#no-such-element-exception\nBuild info: version: '4.22.0', revision: 'c5f3146703*'\nSystem info: os.name: 'Linux', os.arch: 'amd64', os.version: '6.5.0-1023-azure', java.version: '17.0.12'\nDriver info: org.openqa.selenium.chrome.ChromeDriver\nCommand: [06198bd36ebf00142ea395724b8ae7a2, findElement {using=xpath, value=//button[@type='test@gmail.com']}]\nCapabilities {acceptInsecureCerts: false, browserName: chrome, browserVersion: 126.0.6478.126, chrome: {chromedriverVersion: 126.0.6478.182 (5b5d8292ddf..., userDataDir: /tmp/.org.chromium.Chromium...}, fedcm:accounts: true, goog:chromeOptions: {debuggerAddress: localhost:44273}, networkConnectionEnabled: false, pageLoadStrategy: normal, platformName: linux, proxy: Proxy(), se:cdp: ws://localhost:44273/devtoo..., se:cdpVersion: 126.0.6478.126, setWindowRect: true, strictFileInteractability: false, timeouts: {implicit: 0, pageLoad: 300000, script: 30000}, unhandledPromptBehavior: dismiss and notify, webauthn:extension:credBlob: true, webauthn:extension:largeBlob: true, webauthn:extension:minPinLength: true, webauthn:extension:prf: true, webauthn:virtualAuthenticators: true}\nSession ID: 06198bd36ebf00142ea395724b8ae7a2","time":{"start":1721418200866,"stop":1721418200866,"duration":0}},{"uid":"9a033efaa93711af","reportUrl":"https://Vlad1kek.github.io/Firefly_III_Test_Automation/98//#testresult/9a033efaa93711af","status":"skipped","statusDetails":"unknown error: net::ERR_NAME_NOT_RESOLVED\n  (Session info: chrome=126.0.6478.126)\nBuild info: version: '4.22.0', revision: 'c5f3146703*'\nSystem info: os.name: 'Linux', os.arch: 'amd64', os.version: '6.5.0-1023-azure', java.version: '17.0.12'\nDriver info: org.openqa.selenium.chrome.ChromeDriver\nCommand: [9392fd5e58d95fc84dae523c60b34cbb, get {url=http://null/}]\nCapabilities {acceptInsecureCerts: false, browserName: chrome, browserVersion: 126.0.6478.126, chrome: {chromedriverVersion: 126.0.6478.182 (5b5d8292ddf..., userDataDir: /tmp/.org.chromium.Chromium...}, fedcm:accounts: true, goog:chromeOptions: {debuggerAddress: localhost:33165}, networkConnectionEnabled: false, pageLoadStrategy: normal, platformName: linux, proxy: Proxy(), se:cdp: ws://localhost:33165/devtoo..., se:cdpVersion: 126.0.6478.126, setWindowRect: true, strictFileInteractability: false, timeouts: {implicit: 0, pageLoad: 300000, script: 30000}, unhandledPromptBehavior: dismiss and notify, webauthn:extension:credBlob: true, webauthn:extension:largeBlob: true, webauthn:extension:minPinLength: true, webauthn:extension:prf: true, webauthn:virtualAuthenticators: true}\nSession ID: 9392fd5e58d95fc84dae523c60b34cbb","time":{"start":1721417368765,"stop":1721417368765,"duration":0}},{"uid":"785d637072148ad","reportUrl":"https://Vlad1kek.github.io/Firefly_III_Test_Automation/97//#testresult/785d637072148ad","status":"skipped","statusDetails":"unknown error: net::ERR_NAME_NOT_RESOLVED\n  (Session info: chrome=126.0.6478.126)\nBuild info: version: '4.18.1', revision: 'b1d3319b48'\nSystem info: os.name: 'Linux', os.arch: 'amd64', os.version: '6.5.0-1023-azure', java.version: '17.0.12'\nDriver info: org.openqa.selenium.chrome.ChromeDriver\nCommand: [e12afbe71908aa377445fa6cdd65b200, get {url=http://null/}]\nCapabilities {acceptInsecureCerts: false, browserName: chrome, browserVersion: 126.0.6478.126, chrome: {chromedriverVersion: 126.0.6478.182 (5b5d8292ddf..., userDataDir: /tmp/.org.chromium.Chromium...}, fedcm:accounts: true, goog:chromeOptions: {debuggerAddress: localhost:38613}, networkConnectionEnabled: false, pageLoadStrategy: normal, platformName: linux, proxy: Proxy(), se:cdp: ws://localhost:38613/devtoo..., se:cdpVersion: 126.0.6478.126, setWindowRect: true, strictFileInteractability: false, timeouts: {implicit: 0, pageLoad: 300000, script: 30000}, unhandledPromptBehavior: dismiss and notify, webauthn:extension:credBlob: true, webauthn:extension:largeBlob: true, webauthn:extension:minPinLength: true, webauthn:extension:prf: true, webauthn:virtualAuthenticators: true}\nSession ID: e12afbe71908aa377445fa6cdd65b200","time":{"start":1721416805560,"stop":1721416805560,"duration":0}},{"uid":"9823a4a9543ccb4c","reportUrl":"https://Vlad1kek.github.io/Firefly_III_Test_Automation/96//#testresult/9823a4a9543ccb4c","status":"passed","time":{"start":1711222258143,"stop":1711222261111,"duration":2968}},{"uid":"e361b82eebf3db2f","reportUrl":"https://Vlad1kek.github.io/Firefly_III_Test_Automation/95//#testresult/e361b82eebf3db2f","status":"passed","time":{"start":1711221919928,"stop":1711221922881,"duration":2953}}]},"tags":[]},"source":"b4b7a7a21a8da2f2.json","parameterValues":[]}