{"uid":"69eeceee94eb6d6e","name":"testSetBillToRepeatDailyAndCheckNextExpectedMatch","fullName":"test.BillsTest.testSetBillToRepeatDailyAndCheckNextExpectedMatch","historyId":"c5ad4fc642043402820947bf0d24a9ba","time":{"start":1721596041452,"stop":1721596041452,"duration":0},"status":"skipped","statusMessage":"java.lang.RuntimeException: Authorization does not work with token:","statusTrace":"java.lang.RuntimeException: java.lang.RuntimeException: Authorization does not work with token:\n\tat utils.run.ClearData.getHttp(ClearData.java:53)\n\tat utils.run.ClearData.deleteBills(ClearData.java:80)\n\tat utils.run.ClearData.clearData(ClearData.java:100)\n\tat utils.run.BaseTest.clearData(BaseTest.java:55)\n\tat utils.run.BaseTest.beforeMethod(BaseTest.java:75)\n\tat java.base/jdk.internal.reflect.NativeMethodAccessorImpl.invoke0(Native Method)\n\tat java.base/jdk.internal.reflect.NativeMethodAccessorImpl.invoke(NativeMethodAccessorImpl.java:77)\n\tat java.base/jdk.internal.reflect.DelegatingMethodAccessorImpl.invoke(DelegatingMethodAccessorImpl.java:43)\n\tat java.base/java.lang.reflect.Method.invoke(Method.java:569)\n\tat org.testng.internal.invokers.MethodInvocationHelper.invokeMethod(MethodInvocationHelper.java:141)\n\tat org.testng.internal.invokers.MethodInvocationHelper.invokeMethodConsideringTimeout(MethodInvocationHelper.java:71)\n\tat org.testng.internal.invokers.ConfigInvoker.invokeConfigurationMethod(ConfigInvoker.java:400)\n\tat org.testng.internal.invokers.ConfigInvoker.invokeConfigurations(ConfigInvoker.java:333)\n\tat org.testng.internal.invokers.TestInvoker.runConfigMethods(TestInvoker.java:833)\n\tat org.testng.internal.invokers.TestInvoker.invokeMethod(TestInvoker.java:600)\n\tat org.testng.internal.invokers.TestInvoker.invokeTestMethod(TestInvoker.java:230)\n\tat org.testng.internal.invokers.MethodRunner.runInSequence(MethodRunner.java:63)\n\tat org.testng.internal.invokers.TestInvoker$MethodInvocationAgent.invoke(TestInvoker.java:992)\n\tat org.testng.internal.invokers.TestInvoker.invokeTestMethods(TestInvoker.java:203)\n\tat org.testng.internal.invokers.TestMethodWorker.invokeTestMethods(TestMethodWorker.java:154)\n\tat org.testng.internal.invokers.TestMethodWorker.run(TestMethodWorker.java:134)\n\tat java.base/java.util.ArrayList.forEach(ArrayList.java:1511)\n\tat org.testng.TestRunner.privateRun(TestRunner.java:739)\n\tat org.testng.TestRunner.run(TestRunner.java:614)\n\tat org.testng.SuiteRunner.runTest(SuiteRunner.java:421)\n\tat org.testng.SuiteRunner.runSequentially(SuiteRunner.java:413)\n\tat org.testng.SuiteRunner.privateRun(SuiteRunner.java:373)\n\tat org.testng.SuiteRunner.run(SuiteRunner.java:312)\n\tat org.testng.SuiteRunnerWorker.runSuite(SuiteRunnerWorker.java:52)\n\tat org.testng.SuiteRunnerWorker.run(SuiteRunnerWorker.java:95)\n\tat org.testng.TestNG.runSuitesSequentially(TestNG.java:1274)\n\tat org.testng.TestNG.runSuitesLocally(TestNG.java:1208)\n\tat org.testng.TestNG.runSuites(TestNG.java:1112)\n\tat org.testng.TestNG.run(TestNG.java:1079)\n\tat org.apache.maven.surefire.testng.TestNGExecutor.run(TestNGExecutor.java:155)\n\tat org.apache.maven.surefire.testng.TestNGDirectoryTestSuite.executeMulti(TestNGDirectoryTestSuite.java:169)\n\tat org.apache.maven.surefire.testng.TestNGDirectoryTestSuite.execute(TestNGDirectoryTestSuite.java:88)\n\tat org.apache.maven.surefire.testng.TestNGProvider.invoke(TestNGProvider.java:137)\n\tat org.apache.maven.surefire.booter.ForkedBooter.runSuitesInProcess(ForkedBooter.java:385)\n\tat org.apache.maven.surefire.booter.ForkedBooter.execute(ForkedBooter.java:162)\n\tat org.apache.maven.surefire.booter.ForkedBooter.run(ForkedBooter.java:507)\n\tat org.apache.maven.surefire.booter.ForkedBooter.main(ForkedBooter.java:495)\nCaused by: java.lang.RuntimeException: Authorization does not work with token:\n\tat utils.run.ClearData.getHttp(ClearData.java:48)\n\t... 41 more\n","flaky":false,"newFailed":false,"newBroken":false,"newPassed":false,"retriesCount":0,"retriesStatusChange":false,"beforeStages":[{"name":"beforeMethod","time":{"start":1721596041450,"stop":1721596041451,"duration":1},"description":"","status":"broken","steps":[],"attachments":[],"parameters":[],"shouldDisplayMessage":false,"stepsCount":0,"attachmentsCount":0,"hasContent":false}],"afterStages":[{"name":"afterMethod","time":{"start":1721596041453,"stop":1721596041453,"duration":0},"description":"","status":"broken","steps":[],"attachments":[],"parameters":[],"shouldDisplayMessage":false,"stepsCount":0,"attachmentsCount":0,"hasContent":false}],"labels":[{"name":"package","value":"test.BillsTest"},{"name":"testClass","value":"test.BillsTest"},{"name":"testMethod","value":"testSetBillToRepeatDailyAndCheckNextExpectedMatch"},{"name":"parentSuite","value":"Surefire suite"},{"name":"suite","value":"Surefire test"},{"name":"subSuite","value":"test.BillsTest"},{"name":"host","value":"fv-az1113-887"},{"name":"thread","value":"2946@fv-az1113-887.main(1)"},{"name":"framework","value":"testng"},{"name":"language","value":"java"},{"name":"resultFormat","value":"allure2"}],"parameters":[],"links":[],"hidden":false,"retry":false,"extra":{"severity":"normal","retries":[],"categories":[],"history":{"statistic":{"failed":0,"broken":0,"skipped":7,"passed":6,"unknown":0,"total":13},"items":[{"uid":"64ea5c152b62951f","reportUrl":"https://Vlad1kek.github.io/Firefly_III_Test_Automation/103//#testresult/64ea5c152b62951f","status":"skipped","statusDetails":"java.lang.RuntimeException: Authorization does not work with token:null","time":{"start":1721594892558,"stop":1721594892559,"duration":1}},{"uid":"dc9fb16ceca609b","reportUrl":"https://Vlad1kek.github.io/Firefly_III_Test_Automation/102//#testresult/dc9fb16ceca609b","status":"passed","time":{"start":1721421918915,"stop":1721421922716,"duration":3801}},{"uid":"bef43926863e20fe","reportUrl":"https://Vlad1kek.github.io/Firefly_III_Test_Automation/101//#testresult/bef43926863e20fe","status":"skipped","statusDetails":"java.lang.NullPointerException: Cannot invoke \"com.fasterxml.jackson.databind.JsonNode.iterator()\" because \"dataNode\" is null","time":{"start":1721420876065,"stop":1721420876066,"duration":1}},{"uid":"48afd8b242d6ef63","reportUrl":"https://Vlad1kek.github.io/Firefly_III_Test_Automation/100//#testresult/48afd8b242d6ef63","status":"skipped","statusDetails":"no such element: Unable to locate element: {\"method\":\"xpath\",\"selector\":\"//button[@type='token']\"}\n  (Session info: chrome=126.0.6478.126)\nFor documentation on this error, please visit: https://www.selenium.dev/documentation/webdriver/troubleshooting/errors#no-such-element-exception\nBuild info: version: '4.22.0', revision: 'c5f3146703*'\nSystem info: os.name: 'Linux', os.arch: 'amd64', os.version: '6.5.0-1023-azure', java.version: '17.0.12'\nDriver info: org.openqa.selenium.chrome.ChromeDriver\nCommand: [aae378c80a675714c507d171dcf48031, findElement {value=//button[@type='token'], using=xpath}]\nCapabilities {acceptInsecureCerts: false, browserName: chrome, browserVersion: 126.0.6478.126, chrome: {chromedriverVersion: 126.0.6478.182 (5b5d8292ddf..., userDataDir: /tmp/.org.chromium.Chromium...}, fedcm:accounts: true, goog:chromeOptions: {debuggerAddress: localhost:41767}, networkConnectionEnabled: false, pageLoadStrategy: normal, platformName: linux, proxy: Proxy(), se:cdp: ws://localhost:41767/devtoo..., se:cdpVersion: 126.0.6478.126, setWindowRect: true, strictFileInteractability: false, timeouts: {implicit: 0, pageLoad: 300000, script: 30000}, unhandledPromptBehavior: dismiss and notify, webauthn:extension:credBlob: true, webauthn:extension:largeBlob: true, webauthn:extension:minPinLength: true, webauthn:extension:prf: true, webauthn:virtualAuthenticators: true}\nSession ID: aae378c80a675714c507d171dcf48031","time":{"start":1721420222529,"stop":1721420222529,"duration":0}},{"uid":"8a1fa3f64b42e8d8","reportUrl":"https://Vlad1kek.github.io/Firefly_III_Test_Automation/99//#testresult/8a1fa3f64b42e8d8","status":"skipped","statusDetails":"no such element: Unable to locate element: {\"method\":\"xpath\",\"selector\":\"//button[@type='test@gmail.com']\"}\n  (Session info: chrome=126.0.6478.126)\nFor documentation on this error, please visit: https://www.selenium.dev/documentation/webdriver/troubleshooting/errors#no-such-element-exception\nBuild info: version: '4.22.0', revision: 'c5f3146703*'\nSystem info: os.name: 'Linux', os.arch: 'amd64', os.version: '6.5.0-1023-azure', java.version: '17.0.12'\nDriver info: org.openqa.selenium.chrome.ChromeDriver\nCommand: [06198bd36ebf00142ea395724b8ae7a2, findElement {using=xpath, value=//button[@type='test@gmail.com']}]\nCapabilities {acceptInsecureCerts: false, browserName: chrome, browserVersion: 126.0.6478.126, chrome: {chromedriverVersion: 126.0.6478.182 (5b5d8292ddf..., userDataDir: /tmp/.org.chromium.Chromium...}, fedcm:accounts: true, goog:chromeOptions: {debuggerAddress: localhost:44273}, networkConnectionEnabled: false, pageLoadStrategy: normal, platformName: linux, proxy: Proxy(), se:cdp: ws://localhost:44273/devtoo..., se:cdpVersion: 126.0.6478.126, setWindowRect: true, strictFileInteractability: false, timeouts: {implicit: 0, pageLoad: 300000, script: 30000}, unhandledPromptBehavior: dismiss and notify, webauthn:extension:credBlob: true, webauthn:extension:largeBlob: true, webauthn:extension:minPinLength: true, webauthn:extension:prf: true, webauthn:virtualAuthenticators: true}\nSession ID: 06198bd36ebf00142ea395724b8ae7a2","time":{"start":1721418200889,"stop":1721418200890,"duration":1}},{"uid":"c4a852b33bcf0a41","reportUrl":"https://Vlad1kek.github.io/Firefly_III_Test_Automation/98//#testresult/c4a852b33bcf0a41","status":"skipped","statusDetails":"unknown error: net::ERR_NAME_NOT_RESOLVED\n  (Session info: chrome=126.0.6478.126)\nBuild info: version: '4.22.0', revision: 'c5f3146703*'\nSystem info: os.name: 'Linux', os.arch: 'amd64', os.version: '6.5.0-1023-azure', java.version: '17.0.12'\nDriver info: org.openqa.selenium.chrome.ChromeDriver\nCommand: [9392fd5e58d95fc84dae523c60b34cbb, get {url=http://null/}]\nCapabilities {acceptInsecureCerts: false, browserName: chrome, browserVersion: 126.0.6478.126, chrome: {chromedriverVersion: 126.0.6478.182 (5b5d8292ddf..., userDataDir: /tmp/.org.chromium.Chromium...}, fedcm:accounts: true, goog:chromeOptions: {debuggerAddress: localhost:33165}, networkConnectionEnabled: false, pageLoadStrategy: normal, platformName: linux, proxy: Proxy(), se:cdp: ws://localhost:33165/devtoo..., se:cdpVersion: 126.0.6478.126, setWindowRect: true, strictFileInteractability: false, timeouts: {implicit: 0, pageLoad: 300000, script: 30000}, unhandledPromptBehavior: dismiss and notify, webauthn:extension:credBlob: true, webauthn:extension:largeBlob: true, webauthn:extension:minPinLength: true, webauthn:extension:prf: true, webauthn:virtualAuthenticators: true}\nSession ID: 9392fd5e58d95fc84dae523c60b34cbb","time":{"start":1721417368785,"stop":1721417368786,"duration":1}},{"uid":"a44ef8cd50e5f2c3","reportUrl":"https://Vlad1kek.github.io/Firefly_III_Test_Automation/97//#testresult/a44ef8cd50e5f2c3","status":"skipped","statusDetails":"unknown error: net::ERR_NAME_NOT_RESOLVED\n  (Session info: chrome=126.0.6478.126)\nBuild info: version: '4.18.1', revision: 'b1d3319b48'\nSystem info: os.name: 'Linux', os.arch: 'amd64', os.version: '6.5.0-1023-azure', java.version: '17.0.12'\nDriver info: org.openqa.selenium.chrome.ChromeDriver\nCommand: [e12afbe71908aa377445fa6cdd65b200, get {url=http://null/}]\nCapabilities {acceptInsecureCerts: false, browserName: chrome, browserVersion: 126.0.6478.126, chrome: {chromedriverVersion: 126.0.6478.182 (5b5d8292ddf..., userDataDir: /tmp/.org.chromium.Chromium...}, fedcm:accounts: true, goog:chromeOptions: {debuggerAddress: localhost:38613}, networkConnectionEnabled: false, pageLoadStrategy: normal, platformName: linux, proxy: Proxy(), se:cdp: ws://localhost:38613/devtoo..., se:cdpVersion: 126.0.6478.126, setWindowRect: true, strictFileInteractability: false, timeouts: {implicit: 0, pageLoad: 300000, script: 30000}, unhandledPromptBehavior: dismiss and notify, webauthn:extension:credBlob: true, webauthn:extension:largeBlob: true, webauthn:extension:minPinLength: true, webauthn:extension:prf: true, webauthn:virtualAuthenticators: true}\nSession ID: e12afbe71908aa377445fa6cdd65b200","time":{"start":1721416805581,"stop":1721416805582,"duration":1}},{"uid":"645f42b49b768a80","reportUrl":"https://Vlad1kek.github.io/Firefly_III_Test_Automation/96//#testresult/645f42b49b768a80","status":"passed","time":{"start":1711222210623,"stop":1711222213481,"duration":2858}},{"uid":"96abe9915abed35f","reportUrl":"https://Vlad1kek.github.io/Firefly_III_Test_Automation/95//#testresult/96abe9915abed35f","status":"passed","time":{"start":1711221872972,"stop":1711221875813,"duration":2841}},{"uid":"30f8b659fe1e0ba5","reportUrl":"https://Vlad1kek.github.io/Firefly_III_Test_Automation/94//#testresult/30f8b659fe1e0ba5","status":"passed","time":{"start":1710974394426,"stop":1710974397243,"duration":2817}},{"uid":"d919a6d0d5b78381","reportUrl":"https://Vlad1kek.github.io/Firefly_III_Test_Automation/93//#testresult/d919a6d0d5b78381","status":"passed","time":{"start":1710972092892,"stop":1710972095690,"duration":2798}},{"uid":"8c49cc016863d918","reportUrl":"https://Vlad1kek.github.io/Firefly_III_Test_Automation/92//#testresult/8c49cc016863d918","status":"passed","time":{"start":1710885046940,"stop":1710885049767,"duration":2827}}]},"tags":[]},"source":"69eeceee94eb6d6e.json","parameterValues":[]}