{"uid":"f1ebfd8895526e73","name":"testSetBillToRepeatQuarterlyAndCheckNextExpectedMatch","fullName":"test.BillsTest.testSetBillToRepeatQuarterlyAndCheckNextExpectedMatch","historyId":"e66ab4494cedb55e0a7693f4c35022a6","time":{"start":1721599102880,"stop":1721599102881,"duration":1},"status":"skipped","statusMessage":"java.lang.RuntimeException: Authorization does not work with token:","statusTrace":"java.lang.RuntimeException: java.lang.RuntimeException: Authorization does not work with token:\n\tat utils.run.ClearData.getHttp(ClearData.java:52)\n\tat utils.run.ClearData.deleteBills(ClearData.java:79)\n\tat utils.run.ClearData.clearData(ClearData.java:99)\n\tat utils.run.BaseTest.clearData(BaseTest.java:55)\n\tat utils.run.BaseTest.beforeMethod(BaseTest.java:75)\n\tat java.base/jdk.internal.reflect.NativeMethodAccessorImpl.invoke0(Native Method)\n\tat java.base/jdk.internal.reflect.NativeMethodAccessorImpl.invoke(NativeMethodAccessorImpl.java:77)\n\tat java.base/jdk.internal.reflect.DelegatingMethodAccessorImpl.invoke(DelegatingMethodAccessorImpl.java:43)\n\tat java.base/java.lang.reflect.Method.invoke(Method.java:569)\n\tat org.testng.internal.invokers.MethodInvocationHelper.invokeMethod(MethodInvocationHelper.java:141)\n\tat org.testng.internal.invokers.MethodInvocationHelper.invokeMethodConsideringTimeout(MethodInvocationHelper.java:71)\n\tat org.testng.internal.invokers.ConfigInvoker.invokeConfigurationMethod(ConfigInvoker.java:400)\n\tat org.testng.internal.invokers.ConfigInvoker.invokeConfigurations(ConfigInvoker.java:333)\n\tat org.testng.internal.invokers.TestInvoker.runConfigMethods(TestInvoker.java:833)\n\tat org.testng.internal.invokers.TestInvoker.invokeMethod(TestInvoker.java:600)\n\tat org.testng.internal.invokers.TestInvoker.invokeTestMethod(TestInvoker.java:230)\n\tat org.testng.internal.invokers.MethodRunner.runInSequence(MethodRunner.java:63)\n\tat org.testng.internal.invokers.TestInvoker$MethodInvocationAgent.invoke(TestInvoker.java:992)\n\tat org.testng.internal.invokers.TestInvoker.invokeTestMethods(TestInvoker.java:203)\n\tat org.testng.internal.invokers.TestMethodWorker.invokeTestMethods(TestMethodWorker.java:154)\n\tat org.testng.internal.invokers.TestMethodWorker.run(TestMethodWorker.java:134)\n\tat java.base/java.util.ArrayList.forEach(ArrayList.java:1511)\n\tat org.testng.TestRunner.privateRun(TestRunner.java:739)\n\tat org.testng.TestRunner.run(TestRunner.java:614)\n\tat org.testng.SuiteRunner.runTest(SuiteRunner.java:421)\n\tat org.testng.SuiteRunner.runSequentially(SuiteRunner.java:413)\n\tat org.testng.SuiteRunner.privateRun(SuiteRunner.java:373)\n\tat org.testng.SuiteRunner.run(SuiteRunner.java:312)\n\tat org.testng.SuiteRunnerWorker.runSuite(SuiteRunnerWorker.java:52)\n\tat org.testng.SuiteRunnerWorker.run(SuiteRunnerWorker.java:95)\n\tat org.testng.TestNG.runSuitesSequentially(TestNG.java:1274)\n\tat org.testng.TestNG.runSuitesLocally(TestNG.java:1208)\n\tat org.testng.TestNG.runSuites(TestNG.java:1112)\n\tat org.testng.TestNG.run(TestNG.java:1079)\n\tat org.apache.maven.surefire.testng.TestNGExecutor.run(TestNGExecutor.java:155)\n\tat org.apache.maven.surefire.testng.TestNGDirectoryTestSuite.executeMulti(TestNGDirectoryTestSuite.java:169)\n\tat org.apache.maven.surefire.testng.TestNGDirectoryTestSuite.execute(TestNGDirectoryTestSuite.java:88)\n\tat org.apache.maven.surefire.testng.TestNGProvider.invoke(TestNGProvider.java:137)\n\tat org.apache.maven.surefire.booter.ForkedBooter.runSuitesInProcess(ForkedBooter.java:385)\n\tat org.apache.maven.surefire.booter.ForkedBooter.execute(ForkedBooter.java:162)\n\tat org.apache.maven.surefire.booter.ForkedBooter.run(ForkedBooter.java:507)\n\tat org.apache.maven.surefire.booter.ForkedBooter.main(ForkedBooter.java:495)\nCaused by: java.lang.RuntimeException: Authorization does not work with token:\n\tat utils.run.ClearData.getHttp(ClearData.java:47)\n\t... 41 more\n","flaky":false,"newFailed":false,"newBroken":false,"newPassed":false,"retriesCount":0,"retriesStatusChange":false,"beforeStages":[{"name":"beforeMethod","time":{"start":1721599102879,"stop":1721599102879,"duration":0},"description":"","status":"broken","steps":[],"attachments":[],"parameters":[],"shouldDisplayMessage":false,"stepsCount":0,"attachmentsCount":0,"hasContent":false}],"afterStages":[{"name":"afterMethod","time":{"start":1721599102883,"stop":1721599102883,"duration":0},"description":"","status":"broken","steps":[],"attachments":[],"parameters":[],"shouldDisplayMessage":false,"stepsCount":0,"attachmentsCount":0,"hasContent":false}],"labels":[{"name":"package","value":"test.BillsTest"},{"name":"testClass","value":"test.BillsTest"},{"name":"testMethod","value":"testSetBillToRepeatQuarterlyAndCheckNextExpectedMatch"},{"name":"parentSuite","value":"Surefire suite"},{"name":"suite","value":"Surefire test"},{"name":"subSuite","value":"test.BillsTest"},{"name":"host","value":"fv-az979-642"},{"name":"thread","value":"3021@fv-az979-642.main(1)"},{"name":"framework","value":"testng"},{"name":"language","value":"java"},{"name":"resultFormat","value":"allure2"}],"parameters":[],"links":[],"hidden":false,"retry":false,"extra":{"severity":"normal","retries":[],"categories":[],"history":{"statistic":{"failed":0,"broken":0,"skipped":9,"passed":6,"unknown":0,"total":15},"items":[{"uid":"85b59c24685bbef7","reportUrl":"https://Vlad1kek.github.io/Firefly_III_Test_Automation/105//#testresult/85b59c24685bbef7","status":"skipped","statusDetails":"java.lang.RuntimeException: Authorization does not work with token:","time":{"start":1721598071581,"stop":1721598071581,"duration":0}},{"uid":"32d1fd6b175f59e7","reportUrl":"https://Vlad1kek.github.io/Firefly_III_Test_Automation/104//#testresult/32d1fd6b175f59e7","status":"skipped","statusDetails":"java.lang.RuntimeException: Authorization does not work with token:","time":{"start":1721596041465,"stop":1721596041465,"duration":0}},{"uid":"40b15762bfb6ceba","reportUrl":"https://Vlad1kek.github.io/Firefly_III_Test_Automation/103//#testresult/40b15762bfb6ceba","status":"skipped","statusDetails":"java.lang.RuntimeException: Authorization does not work with token:null","time":{"start":1721594892571,"stop":1721594892571,"duration":0}},{"uid":"c02eec6a5150dc03","reportUrl":"https://Vlad1kek.github.io/Firefly_III_Test_Automation/102//#testresult/c02eec6a5150dc03","status":"passed","time":{"start":1721421934763,"stop":1721421938574,"duration":3811}},{"uid":"116f1f9d4dec4b2e","reportUrl":"https://Vlad1kek.github.io/Firefly_III_Test_Automation/101//#testresult/116f1f9d4dec4b2e","status":"skipped","statusDetails":"java.lang.NullPointerException: Cannot invoke \"com.fasterxml.jackson.databind.JsonNode.iterator()\" because \"dataNode\" is null","time":{"start":1721420876077,"stop":1721420876078,"duration":1}},{"uid":"58aa7ccdfda3ac49","reportUrl":"https://Vlad1kek.github.io/Firefly_III_Test_Automation/100//#testresult/58aa7ccdfda3ac49","status":"skipped","statusDetails":"no such element: Unable to locate element: {\"method\":\"xpath\",\"selector\":\"//button[@type='token']\"}\n  (Session info: chrome=126.0.6478.126)\nFor documentation on this error, please visit: https://www.selenium.dev/documentation/webdriver/troubleshooting/errors#no-such-element-exception\nBuild info: version: '4.22.0', revision: 'c5f3146703*'\nSystem info: os.name: 'Linux', os.arch: 'amd64', os.version: '6.5.0-1023-azure', java.version: '17.0.12'\nDriver info: org.openqa.selenium.chrome.ChromeDriver\nCommand: [aae378c80a675714c507d171dcf48031, findElement {value=//button[@type='token'], using=xpath}]\nCapabilities {acceptInsecureCerts: false, browserName: chrome, browserVersion: 126.0.6478.126, chrome: {chromedriverVersion: 126.0.6478.182 (5b5d8292ddf..., userDataDir: /tmp/.org.chromium.Chromium...}, fedcm:accounts: true, goog:chromeOptions: {debuggerAddress: localhost:41767}, networkConnectionEnabled: false, pageLoadStrategy: normal, platformName: linux, proxy: Proxy(), se:cdp: ws://localhost:41767/devtoo..., se:cdpVersion: 126.0.6478.126, setWindowRect: true, strictFileInteractability: false, timeouts: {implicit: 0, pageLoad: 300000, script: 30000}, unhandledPromptBehavior: dismiss and notify, webauthn:extension:credBlob: true, webauthn:extension:largeBlob: true, webauthn:extension:minPinLength: true, webauthn:extension:prf: true, webauthn:virtualAuthenticators: true}\nSession ID: aae378c80a675714c507d171dcf48031","time":{"start":1721420222545,"stop":1721420222545,"duration":0}},{"uid":"8cda23faae82efc1","reportUrl":"https://Vlad1kek.github.io/Firefly_III_Test_Automation/99//#testresult/8cda23faae82efc1","status":"skipped","statusDetails":"no such element: Unable to locate element: {\"method\":\"xpath\",\"selector\":\"//button[@type='test@gmail.com']\"}\n  (Session info: chrome=126.0.6478.126)\nFor documentation on this error, please visit: https://www.selenium.dev/documentation/webdriver/troubleshooting/errors#no-such-element-exception\nBuild info: version: '4.22.0', revision: 'c5f3146703*'\nSystem info: os.name: 'Linux', os.arch: 'amd64', os.version: '6.5.0-1023-azure', java.version: '17.0.12'\nDriver info: org.openqa.selenium.chrome.ChromeDriver\nCommand: [06198bd36ebf00142ea395724b8ae7a2, findElement {using=xpath, value=//button[@type='test@gmail.com']}]\nCapabilities {acceptInsecureCerts: false, browserName: chrome, browserVersion: 126.0.6478.126, chrome: {chromedriverVersion: 126.0.6478.182 (5b5d8292ddf..., userDataDir: /tmp/.org.chromium.Chromium...}, fedcm:accounts: true, goog:chromeOptions: {debuggerAddress: localhost:44273}, networkConnectionEnabled: false, pageLoadStrategy: normal, platformName: linux, proxy: Proxy(), se:cdp: ws://localhost:44273/devtoo..., se:cdpVersion: 126.0.6478.126, setWindowRect: true, strictFileInteractability: false, timeouts: {implicit: 0, pageLoad: 300000, script: 30000}, unhandledPromptBehavior: dismiss and notify, webauthn:extension:credBlob: true, webauthn:extension:largeBlob: true, webauthn:extension:minPinLength: true, webauthn:extension:prf: true, webauthn:virtualAuthenticators: true}\nSession ID: 06198bd36ebf00142ea395724b8ae7a2","time":{"start":1721418200903,"stop":1721418200903,"duration":0}},{"uid":"c1e6c5fc53fd3266","reportUrl":"https://Vlad1kek.github.io/Firefly_III_Test_Automation/98//#testresult/c1e6c5fc53fd3266","status":"skipped","statusDetails":"unknown error: net::ERR_NAME_NOT_RESOLVED\n  (Session info: chrome=126.0.6478.126)\nBuild info: version: '4.22.0', revision: 'c5f3146703*'\nSystem info: os.name: 'Linux', os.arch: 'amd64', os.version: '6.5.0-1023-azure', java.version: '17.0.12'\nDriver info: org.openqa.selenium.chrome.ChromeDriver\nCommand: [9392fd5e58d95fc84dae523c60b34cbb, get {url=http://null/}]\nCapabilities {acceptInsecureCerts: false, browserName: chrome, browserVersion: 126.0.6478.126, chrome: {chromedriverVersion: 126.0.6478.182 (5b5d8292ddf..., userDataDir: /tmp/.org.chromium.Chromium...}, fedcm:accounts: true, goog:chromeOptions: {debuggerAddress: localhost:33165}, networkConnectionEnabled: false, pageLoadStrategy: normal, platformName: linux, proxy: Proxy(), se:cdp: ws://localhost:33165/devtoo..., se:cdpVersion: 126.0.6478.126, setWindowRect: true, strictFileInteractability: false, timeouts: {implicit: 0, pageLoad: 300000, script: 30000}, unhandledPromptBehavior: dismiss and notify, webauthn:extension:credBlob: true, webauthn:extension:largeBlob: true, webauthn:extension:minPinLength: true, webauthn:extension:prf: true, webauthn:virtualAuthenticators: true}\nSession ID: 9392fd5e58d95fc84dae523c60b34cbb","time":{"start":1721417368805,"stop":1721417368805,"duration":0}},{"uid":"768fff7e202f48f","reportUrl":"https://Vlad1kek.github.io/Firefly_III_Test_Automation/97//#testresult/768fff7e202f48f","status":"skipped","statusDetails":"unknown error: net::ERR_NAME_NOT_RESOLVED\n  (Session info: chrome=126.0.6478.126)\nBuild info: version: '4.18.1', revision: 'b1d3319b48'\nSystem info: os.name: 'Linux', os.arch: 'amd64', os.version: '6.5.0-1023-azure', java.version: '17.0.12'\nDriver info: org.openqa.selenium.chrome.ChromeDriver\nCommand: [e12afbe71908aa377445fa6cdd65b200, get {url=http://null/}]\nCapabilities {acceptInsecureCerts: false, browserName: chrome, browserVersion: 126.0.6478.126, chrome: {chromedriverVersion: 126.0.6478.182 (5b5d8292ddf..., userDataDir: /tmp/.org.chromium.Chromium...}, fedcm:accounts: true, goog:chromeOptions: {debuggerAddress: localhost:38613}, networkConnectionEnabled: false, pageLoadStrategy: normal, platformName: linux, proxy: Proxy(), se:cdp: ws://localhost:38613/devtoo..., se:cdpVersion: 126.0.6478.126, setWindowRect: true, strictFileInteractability: false, timeouts: {implicit: 0, pageLoad: 300000, script: 30000}, unhandledPromptBehavior: dismiss and notify, webauthn:extension:credBlob: true, webauthn:extension:largeBlob: true, webauthn:extension:minPinLength: true, webauthn:extension:prf: true, webauthn:virtualAuthenticators: true}\nSession ID: e12afbe71908aa377445fa6cdd65b200","time":{"start":1721416805597,"stop":1721416805597,"duration":0}},{"uid":"916d5d11be33aa99","reportUrl":"https://Vlad1kek.github.io/Firefly_III_Test_Automation/96//#testresult/916d5d11be33aa99","status":"passed","time":{"start":1711222223232,"stop":1711222226022,"duration":2790}},{"uid":"9413a4a0e052f02a","reportUrl":"https://Vlad1kek.github.io/Firefly_III_Test_Automation/95//#testresult/9413a4a0e052f02a","status":"passed","time":{"start":1711221885663,"stop":1711221888501,"duration":2838}},{"uid":"3e6fb35d233b0a4d","reportUrl":"https://Vlad1kek.github.io/Firefly_III_Test_Automation/94//#testresult/3e6fb35d233b0a4d","status":"passed","time":{"start":1710974406879,"stop":1710974409664,"duration":2785}},{"uid":"34d6a61105d97795","reportUrl":"https://Vlad1kek.github.io/Firefly_III_Test_Automation/93//#testresult/34d6a61105d97795","status":"passed","time":{"start":1710972105161,"stop":1710972108109,"duration":2948}},{"uid":"f2818f4b569c6ff7","reportUrl":"https://Vlad1kek.github.io/Firefly_III_Test_Automation/92//#testresult/f2818f4b569c6ff7","status":"passed","time":{"start":1710885059260,"stop":1710885062218,"duration":2958}}]},"tags":[]},"source":"f1ebfd8895526e73.json","parameterValues":[]}