{"uid":"c6061811ab3a9b69","name":"testAddBudgetValidAmount","fullName":"test.BudgetsTest.testAddBudgetValidAmount","historyId":"7e7f9b893c00a30472ff8bc65d5126b8","time":{"start":1721667385068,"stop":1721667385068,"duration":0},"description":"Add budget valid amount FI-T6","descriptionHtml":"<p>Add budget valid amount FI-T6</p>\n","status":"skipped","statusMessage":"java.lang.RuntimeException: Something went wrong while clearing dataio.restassured.internal.ValidatableResponseImpl@387bbd7a","statusTrace":"java.lang.RuntimeException: java.lang.RuntimeException: Something went wrong while clearing dataio.restassured.internal.ValidatableResponseImpl@387bbd7a\n\tat utils.run.ClearData.deleteHttp(ClearData.java:73)\n\tat utils.run.ClearData.deleteAccounts(ClearData.java:90)\n\tat utils.run.ClearData.clearData(ClearData.java:101)\n\tat utils.run.BaseTest.clearData(BaseTest.java:54)\n\tat utils.run.BaseTest.beforeMethod(BaseTest.java:74)\n\tat java.base/jdk.internal.reflect.NativeMethodAccessorImpl.invoke0(Native Method)\n\tat java.base/jdk.internal.reflect.NativeMethodAccessorImpl.invoke(NativeMethodAccessorImpl.java:77)\n\tat java.base/jdk.internal.reflect.DelegatingMethodAccessorImpl.invoke(DelegatingMethodAccessorImpl.java:43)\n\tat java.base/java.lang.reflect.Method.invoke(Method.java:569)\n\tat org.testng.internal.invokers.MethodInvocationHelper.invokeMethod(MethodInvocationHelper.java:141)\n\tat org.testng.internal.invokers.MethodInvocationHelper.invokeMethodConsideringTimeout(MethodInvocationHelper.java:71)\n\tat org.testng.internal.invokers.ConfigInvoker.invokeConfigurationMethod(ConfigInvoker.java:400)\n\tat org.testng.internal.invokers.ConfigInvoker.invokeConfigurations(ConfigInvoker.java:333)\n\tat org.testng.internal.invokers.TestInvoker.runConfigMethods(TestInvoker.java:833)\n\tat org.testng.internal.invokers.TestInvoker.invokeMethod(TestInvoker.java:600)\n\tat org.testng.internal.invokers.TestInvoker.invokeTestMethod(TestInvoker.java:230)\n\tat org.testng.internal.invokers.MethodRunner.runInSequence(MethodRunner.java:63)\n\tat org.testng.internal.invokers.TestInvoker$MethodInvocationAgent.invoke(TestInvoker.java:992)\n\tat org.testng.internal.invokers.TestInvoker.invokeTestMethods(TestInvoker.java:203)\n\tat org.testng.internal.invokers.TestMethodWorker.invokeTestMethods(TestMethodWorker.java:154)\n\tat org.testng.internal.invokers.TestMethodWorker.run(TestMethodWorker.java:134)\n\tat java.base/java.util.ArrayList.forEach(ArrayList.java:1511)\n\tat org.testng.TestRunner.privateRun(TestRunner.java:739)\n\tat org.testng.TestRunner.run(TestRunner.java:614)\n\tat org.testng.SuiteRunner.runTest(SuiteRunner.java:421)\n\tat org.testng.SuiteRunner.runSequentially(SuiteRunner.java:413)\n\tat org.testng.SuiteRunner.privateRun(SuiteRunner.java:373)\n\tat org.testng.SuiteRunner.run(SuiteRunner.java:312)\n\tat org.testng.SuiteRunnerWorker.runSuite(SuiteRunnerWorker.java:52)\n\tat org.testng.SuiteRunnerWorker.run(SuiteRunnerWorker.java:95)\n\tat org.testng.TestNG.runSuitesSequentially(TestNG.java:1274)\n\tat org.testng.TestNG.runSuitesLocally(TestNG.java:1208)\n\tat org.testng.TestNG.runSuites(TestNG.java:1112)\n\tat org.testng.TestNG.run(TestNG.java:1079)\n\tat org.apache.maven.surefire.testng.TestNGExecutor.run(TestNGExecutor.java:155)\n\tat org.apache.maven.surefire.testng.TestNGDirectoryTestSuite.executeMulti(TestNGDirectoryTestSuite.java:169)\n\tat org.apache.maven.surefire.testng.TestNGDirectoryTestSuite.execute(TestNGDirectoryTestSuite.java:88)\n\tat org.apache.maven.surefire.testng.TestNGProvider.invoke(TestNGProvider.java:137)\n\tat org.apache.maven.surefire.booter.ForkedBooter.runSuitesInProcess(ForkedBooter.java:385)\n\tat org.apache.maven.surefire.booter.ForkedBooter.execute(ForkedBooter.java:162)\n\tat org.apache.maven.surefire.booter.ForkedBooter.run(ForkedBooter.java:507)\n\tat org.apache.maven.surefire.booter.ForkedBooter.main(ForkedBooter.java:495)\nCaused by: java.lang.RuntimeException: Something went wrong while clearing dataio.restassured.internal.ValidatableResponseImpl@387bbd7a\n\tat utils.run.ClearData.deleteHttp(ClearData.java:68)\n\t... 41 more\n","flaky":false,"newFailed":false,"newBroken":false,"newPassed":false,"retriesCount":0,"retriesStatusChange":false,"beforeStages":[{"name":"beforeMethod","time":{"start":1721667385066,"stop":1721667385066,"duration":0},"description":"","status":"broken","steps":[],"attachments":[],"parameters":[],"shouldDisplayMessage":false,"stepsCount":0,"attachmentsCount":0,"hasContent":false}],"afterStages":[{"name":"afterMethod","time":{"start":1721667385069,"stop":1721667385069,"duration":0},"description":"","status":"broken","steps":[],"attachments":[],"parameters":[],"shouldDisplayMessage":false,"stepsCount":0,"attachmentsCount":0,"hasContent":false}],"labels":[{"name":"package","value":"test.BudgetsTest"},{"name":"testClass","value":"test.BudgetsTest"},{"name":"testMethod","value":"testAddBudgetValidAmount"},{"name":"parentSuite","value":"Surefire suite"},{"name":"suite","value":"Surefire test"},{"name":"subSuite","value":"test.BudgetsTest"},{"name":"host","value":"fv-az1118-146"},{"name":"thread","value":"2949@fv-az1118-146.main(1)"},{"name":"framework","value":"testng"},{"name":"language","value":"java"},{"name":"story","value":"Budgets"},{"name":"severity","value":"normal"},{"name":"resultFormat","value":"allure2"}],"parameters":[],"links":[],"hidden":false,"retry":false,"extra":{"severity":"normal","retries":[],"categories":[],"history":{"statistic":{"failed":0,"broken":0,"skipped":13,"passed":6,"unknown":0,"total":19},"items":[{"uid":"c5c5c5b10c563bdd","reportUrl":"https://Vlad1kek.github.io/Firefly_III_Test_Automation/109//#testresult/c5c5c5b10c563bdd","status":"skipped","statusDetails":"java.lang.RuntimeException: Something went wrong while clearing dataio.restassured.internal.ValidatableResponseImpl@3003d288","time":{"start":1721666693686,"stop":1721666693686,"duration":0}},{"uid":"d2e8964aabdff9b2","reportUrl":"https://Vlad1kek.github.io/Firefly_III_Test_Automation/108//#testresult/d2e8964aabdff9b2","status":"skipped","statusDetails":"java.lang.RuntimeException: Authorization does not work with token:","time":{"start":1721601636913,"stop":1721601636916,"duration":3}},{"uid":"69604f0c33a489bb","reportUrl":"https://Vlad1kek.github.io/Firefly_III_Test_Automation/107//#testresult/69604f0c33a489bb","status":"skipped","statusDetails":"java.lang.RuntimeException: Authorization does not work with token:","time":{"start":1721600923537,"stop":1721600923537,"duration":0}},{"uid":"7f858e3ec3a97a8c","reportUrl":"https://Vlad1kek.github.io/Firefly_III_Test_Automation/106//#testresult/7f858e3ec3a97a8c","status":"skipped","statusDetails":"java.lang.RuntimeException: Authorization does not work with token:","time":{"start":1721599102743,"stop":1721599102745,"duration":2}},{"uid":"5f6199b26792ae78","reportUrl":"https://Vlad1kek.github.io/Firefly_III_Test_Automation/105//#testresult/5f6199b26792ae78","status":"skipped","statusDetails":"java.lang.RuntimeException: Authorization does not work with token:","time":{"start":1721598071473,"stop":1721598071474,"duration":1}},{"uid":"51fb3102933e9c8d","reportUrl":"https://Vlad1kek.github.io/Firefly_III_Test_Automation/104//#testresult/51fb3102933e9c8d","status":"skipped","statusDetails":"java.lang.RuntimeException: Authorization does not work with token:","time":{"start":1721596041361,"stop":1721596041361,"duration":0}},{"uid":"73766f925b532a98","reportUrl":"https://Vlad1kek.github.io/Firefly_III_Test_Automation/103//#testresult/73766f925b532a98","status":"skipped","statusDetails":"java.lang.RuntimeException: Authorization does not work with token:null","time":{"start":1721594892473,"stop":1721594892474,"duration":1}},{"uid":"380f418675038f68","reportUrl":"https://Vlad1kek.github.io/Firefly_III_Test_Automation/102//#testresult/380f418675038f68","status":"passed","time":{"start":1721421886582,"stop":1721421888400,"duration":1818}},{"uid":"4e52dd40d744ea60","reportUrl":"https://Vlad1kek.github.io/Firefly_III_Test_Automation/101//#testresult/4e52dd40d744ea60","status":"skipped","statusDetails":"java.lang.NullPointerException: Cannot invoke \"com.fasterxml.jackson.databind.JsonNode.iterator()\" because \"dataNode\" is null","time":{"start":1721420876000,"stop":1721420876000,"duration":0}},{"uid":"569e8a692a8e869d","reportUrl":"https://Vlad1kek.github.io/Firefly_III_Test_Automation/100//#testresult/569e8a692a8e869d","status":"skipped","statusDetails":"no such element: Unable to locate element: {\"method\":\"xpath\",\"selector\":\"//button[@type='token']\"}\n  (Session info: chrome=126.0.6478.126)\nFor documentation on this error, please visit: https://www.selenium.dev/documentation/webdriver/troubleshooting/errors#no-such-element-exception\nBuild info: version: '4.22.0', revision: 'c5f3146703*'\nSystem info: os.name: 'Linux', os.arch: 'amd64', os.version: '6.5.0-1023-azure', java.version: '17.0.12'\nDriver info: org.openqa.selenium.chrome.ChromeDriver\nCommand: [aae378c80a675714c507d171dcf48031, findElement {value=//button[@type='token'], using=xpath}]\nCapabilities {acceptInsecureCerts: false, browserName: chrome, browserVersion: 126.0.6478.126, chrome: {chromedriverVersion: 126.0.6478.182 (5b5d8292ddf..., userDataDir: /tmp/.org.chromium.Chromium...}, fedcm:accounts: true, goog:chromeOptions: {debuggerAddress: localhost:41767}, networkConnectionEnabled: false, pageLoadStrategy: normal, platformName: linux, proxy: Proxy(), se:cdp: ws://localhost:41767/devtoo..., se:cdpVersion: 126.0.6478.126, setWindowRect: true, strictFileInteractability: false, timeouts: {implicit: 0, pageLoad: 300000, script: 30000}, unhandledPromptBehavior: dismiss and notify, webauthn:extension:credBlob: true, webauthn:extension:largeBlob: true, webauthn:extension:minPinLength: true, webauthn:extension:prf: true, webauthn:virtualAuthenticators: true}\nSession ID: aae378c80a675714c507d171dcf48031","time":{"start":1721420222477,"stop":1721420222478,"duration":1}},{"uid":"c85ac17818a91af4","reportUrl":"https://Vlad1kek.github.io/Firefly_III_Test_Automation/99//#testresult/c85ac17818a91af4","status":"skipped","statusDetails":"no such element: Unable to locate element: {\"method\":\"xpath\",\"selector\":\"//button[@type='test@gmail.com']\"}\n  (Session info: chrome=126.0.6478.126)\nFor documentation on this error, please visit: https://www.selenium.dev/documentation/webdriver/troubleshooting/errors#no-such-element-exception\nBuild info: version: '4.22.0', revision: 'c5f3146703*'\nSystem info: os.name: 'Linux', os.arch: 'amd64', os.version: '6.5.0-1023-azure', java.version: '17.0.12'\nDriver info: org.openqa.selenium.chrome.ChromeDriver\nCommand: [06198bd36ebf00142ea395724b8ae7a2, findElement {using=xpath, value=//button[@type='test@gmail.com']}]\nCapabilities {acceptInsecureCerts: false, browserName: chrome, browserVersion: 126.0.6478.126, chrome: {chromedriverVersion: 126.0.6478.182 (5b5d8292ddf..., userDataDir: /tmp/.org.chromium.Chromium...}, fedcm:accounts: true, goog:chromeOptions: {debuggerAddress: localhost:44273}, networkConnectionEnabled: false, pageLoadStrategy: normal, platformName: linux, proxy: Proxy(), se:cdp: ws://localhost:44273/devtoo..., se:cdpVersion: 126.0.6478.126, setWindowRect: true, strictFileInteractability: false, timeouts: {implicit: 0, pageLoad: 300000, script: 30000}, unhandledPromptBehavior: dismiss and notify, webauthn:extension:credBlob: true, webauthn:extension:largeBlob: true, webauthn:extension:minPinLength: true, webauthn:extension:prf: true, webauthn:virtualAuthenticators: true}\nSession ID: 06198bd36ebf00142ea395724b8ae7a2","time":{"start":1721418200827,"stop":1721418200828,"duration":1}},{"uid":"72e96ef6bb64175a","reportUrl":"https://Vlad1kek.github.io/Firefly_III_Test_Automation/98//#testresult/72e96ef6bb64175a","status":"skipped","statusDetails":"unknown error: net::ERR_NAME_NOT_RESOLVED\n  (Session info: chrome=126.0.6478.126)\nBuild info: version: '4.22.0', revision: 'c5f3146703*'\nSystem info: os.name: 'Linux', os.arch: 'amd64', os.version: '6.5.0-1023-azure', java.version: '17.0.12'\nDriver info: org.openqa.selenium.chrome.ChromeDriver\nCommand: [9392fd5e58d95fc84dae523c60b34cbb, get {url=http://null/}]\nCapabilities {acceptInsecureCerts: false, browserName: chrome, browserVersion: 126.0.6478.126, chrome: {chromedriverVersion: 126.0.6478.182 (5b5d8292ddf..., userDataDir: /tmp/.org.chromium.Chromium...}, fedcm:accounts: true, goog:chromeOptions: {debuggerAddress: localhost:33165}, networkConnectionEnabled: false, pageLoadStrategy: normal, platformName: linux, proxy: Proxy(), se:cdp: ws://localhost:33165/devtoo..., se:cdpVersion: 126.0.6478.126, setWindowRect: true, strictFileInteractability: false, timeouts: {implicit: 0, pageLoad: 300000, script: 30000}, unhandledPromptBehavior: dismiss and notify, webauthn:extension:credBlob: true, webauthn:extension:largeBlob: true, webauthn:extension:minPinLength: true, webauthn:extension:prf: true, webauthn:virtualAuthenticators: true}\nSession ID: 9392fd5e58d95fc84dae523c60b34cbb","time":{"start":1721417368737,"stop":1721417368738,"duration":1}},{"uid":"af8f725ab8eda95c","reportUrl":"https://Vlad1kek.github.io/Firefly_III_Test_Automation/97//#testresult/af8f725ab8eda95c","status":"skipped","statusDetails":"unknown error: net::ERR_NAME_NOT_RESOLVED\n  (Session info: chrome=126.0.6478.126)\nBuild info: version: '4.18.1', revision: 'b1d3319b48'\nSystem info: os.name: 'Linux', os.arch: 'amd64', os.version: '6.5.0-1023-azure', java.version: '17.0.12'\nDriver info: org.openqa.selenium.chrome.ChromeDriver\nCommand: [e12afbe71908aa377445fa6cdd65b200, get {url=http://null/}]\nCapabilities {acceptInsecureCerts: false, browserName: chrome, browserVersion: 126.0.6478.126, chrome: {chromedriverVersion: 126.0.6478.182 (5b5d8292ddf..., userDataDir: /tmp/.org.chromium.Chromium...}, fedcm:accounts: true, goog:chromeOptions: {debuggerAddress: localhost:38613}, networkConnectionEnabled: false, pageLoadStrategy: normal, platformName: linux, proxy: Proxy(), se:cdp: ws://localhost:38613/devtoo..., se:cdpVersion: 126.0.6478.126, setWindowRect: true, strictFileInteractability: false, timeouts: {implicit: 0, pageLoad: 300000, script: 30000}, unhandledPromptBehavior: dismiss and notify, webauthn:extension:credBlob: true, webauthn:extension:largeBlob: true, webauthn:extension:minPinLength: true, webauthn:extension:prf: true, webauthn:virtualAuthenticators: true}\nSession ID: e12afbe71908aa377445fa6cdd65b200","time":{"start":1721416805535,"stop":1721416805536,"duration":1}},{"uid":"a4847f17b8e05323","reportUrl":"https://Vlad1kek.github.io/Firefly_III_Test_Automation/96//#testresult/a4847f17b8e05323","status":"passed","time":{"start":1711222242517,"stop":1711222243576,"duration":1059}},{"uid":"d0cc51eadf5211e2","reportUrl":"https://Vlad1kek.github.io/Firefly_III_Test_Automation/95//#testresult/d0cc51eadf5211e2","status":"passed","time":{"start":1711221904763,"stop":1711221905752,"duration":989}},{"uid":"c5db3ec6b0b9c287","reportUrl":"https://Vlad1kek.github.io/Firefly_III_Test_Automation/94//#testresult/c5db3ec6b0b9c287","status":"passed","time":{"start":1710974425579,"stop":1710974426569,"duration":990}},{"uid":"67b0314dd1e43ce2","reportUrl":"https://Vlad1kek.github.io/Firefly_III_Test_Automation/93//#testresult/67b0314dd1e43ce2","status":"passed","time":{"start":1710972124091,"stop":1710972125094,"duration":1003}},{"uid":"75a38768fbea827e","reportUrl":"https://Vlad1kek.github.io/Firefly_III_Test_Automation/92//#testresult/75a38768fbea827e","status":"passed","time":{"start":1710885078129,"stop":1710885079116,"duration":987}}]},"tags":[]},"source":"c6061811ab3a9b69.json","parameterValues":[]}